#
# A fatal error has been detected by the Java Runtime Environment:
#
#  EXCEPTION_ACCESS_VIOLATION (0xc0000005) at pc=0x00007ffc1e485a98, pid=9180, tid=68
#
# JRE version: OpenJDK Runtime Environment Temurin-21.0.2+13 (21.0.2+13) (build 21.0.2+13-LTS)
# Java VM: OpenJDK 64-Bit Server VM Temurin-21.0.2+13 (21.0.2+13-LTS, mixed mode, emulated-client, sharing, tiered, compressed oops, compressed class ptrs, g1 gc, windows-amd64)
# Problematic frame:
# V  [jvm.dll+0x355a98]
#
# No core dump will be written. Minidumps are not enabled by default on client versions of Windows
#
# If you would like to submit a bug report, please visit:
#   https://github.com/adoptium/adoptium-support/issues
#

---------------  S U M M A R Y ------------

Command Line: -XX:+ShowCodeDetailsInExceptionMessages -agentlib:jdwp=transport=dt_socket,suspend=y,address=localhost:52988 -Dcom.sun.management.jmxremote -Dcom.sun.management.jmxremote.port=52987 -Dcom.sun.management.jmxremote.authenticate=false -Dcom.sun.management.jmxremote.ssl=false -Djava.rmi.server.hostname=localhost -Dspring.jmx.enabled=true -Dmanagement.endpoints.jmx.exposure.include=* -Dspring.application.admin.enabled=true -XX:TieredStopAtLevel=1 -Dspring.boot.project.name=lunchexplorer -javaagent:C:\pleiades\2024-03\eclipse\configuration\org.eclipse.osgi\251\0\.cp\lib\javaagent-shaded.jar -Dfile.encoding=UTF-8 -Dstdout.encoding=UTF-8 -Dstderr.encoding=UTF-8 com.example.lunchex.LunchexApplication --spring.output.ansi.enabled=always

Host: 11th Gen Intel(R) Core(TM) i5-1135G7 @ 2.40GHz, 8 cores, 15G,  Windows 11 , 64 bit Build 22621 (10.0.22621.3958)
Time: Tue Nov  5 14:33:57 2024  Windows 11 , 64 bit Build 22621 (10.0.22621.3958) elapsed time: 6020.983895 seconds (0d 1h 40m 20s)

---------------  T H R E A D  ---------------

Current thread (0x0000020c6e3bbcf0):  WorkerThread "GC Thread#1"    [id=68, stack(0x000000e1c7e00000,0x000000e1c7f00000) (1024K)]

Stack: [0x000000e1c7e00000,0x000000e1c7f00000],  sp=0x000000e1c7efdc90,  free space=1015k
Native frames: (J=compiled Java code, j=interpreted, Vv=VM code, C=native code)
V  [jvm.dll+0x355a98]
V  [jvm.dll+0x363fe4]
V  [jvm.dll+0x31452b]
V  [jvm.dll+0x313f7d]
V  [jvm.dll+0x3ebbd5]
V  [jvm.dll+0x84cea6]
V  [jvm.dll+0x856931]
V  [jvm.dll+0x3646da]
V  [jvm.dll+0x36456a]
V  [jvm.dll+0x36be34]
V  [jvm.dll+0x36bfab]
V  [jvm.dll+0x8d0f87]
V  [jvm.dll+0x84cb3b]
V  [jvm.dll+0x6c7c2d]
C  [ucrtbase.dll+0x29333]
C  [KERNEL32.DLL+0x1257d]
C  [ntdll.dll+0x5af08]

JavaThread 0x0000020c706666c0 (nid = 19876) was being processed
Java frames: (J=compiled Java code, j=interpreted, Vv=VM code)
j  java.lang.invoke.DirectMethodHandle$Holder.newInvokeSpecial(Ljava/lang/Object;)Ljava/lang/Object;+15 java.base@21.0.2
J 874 c1 jdk.internal.reflect.DirectConstructorHandleAccessor.newInstance([Ljava/lang/Object;)Ljava/lang/Object; java.base@21.0.2 (130 bytes) @ 0x0000020c5ec4716c [0x0000020c5ec46f60+0x000000000000020c]
J 873 c1 java.lang.reflect.Constructor.newInstanceWithCaller([Ljava/lang/Object;ZLjava/lang/Class;)Ljava/lang/Object; java.base@21.0.2 (51 bytes) @ 0x0000020c5ec40bbc [0x0000020c5ec40ae0+0x00000000000000dc]
J 24246 c1 org.springframework.beans.BeanUtils.instantiateClass(Ljava/lang/reflect/Constructor;[Ljava/lang/Object;)Ljava/lang/Object; (208 bytes) @ 0x0000020c5f161e0c [0x0000020c5f161880+0x000000000000058c]
j  org.springframework.beans.factory.support.SimpleInstantiationStrategy.instantiate(Lorg/springframework/beans/factory/support/RootBeanDefinition;Ljava/lang/String;Lorg/springframework/beans/factory/BeanFactory;)Ljava/lang/Object;+111
j  org.springframework.beans.factory.support.AbstractAutowireCapableBeanFactory.instantiateBean(Ljava/lang/String;Lorg/springframework/beans/factory/support/RootBeanDefinition;)Lorg/springframework/beans/BeanWrapper;+7
j  org.springframework.beans.factory.support.AbstractAutowireCapableBeanFactory.createBeanInstance(Ljava/lang/String;Lorg/springframework/beans/factory/support/RootBeanDefinition;[Ljava/lang/Object;)Lorg/springframework/beans/BeanWrapper;+241
j  org.springframework.beans.factory.support.AbstractAutowireCapableBeanFactory.doCreateBean(Ljava/lang/String;Lorg/springframework/beans/factory/support/RootBeanDefinition;[Ljava/lang/Object;)Ljava/lang/Object;+34
j  org.springframework.beans.factory.support.AbstractAutowireCapableBeanFactory.createBean(Ljava/lang/String;Lorg/springframework/beans/factory/support/RootBeanDefinition;[Ljava/lang/Object;)Ljava/lang/Object;+153
j  org.springframework.beans.factory.support.AbstractBeanFactory.lambda$doGetBean$0(Ljava/lang/String;Lorg/springframework/beans/factory/support/RootBeanDefinition;[Ljava/lang/Object;)Ljava/lang/Object;+4
j  org.springframework.beans.factory.support.AbstractBeanFactory$$Lambda+0x0000020c0129de90.getObject()Ljava/lang/Object;+16
j  org.springframework.beans.factory.support.DefaultSingletonBeanRegistry.getSingleton(Ljava/lang/String;Lorg/springframework/beans/factory/ObjectFactory;)Ljava/lang/Object;+114
J 24052 c1 org.springframework.beans.factory.support.AbstractBeanFactory.doGetBean(Ljava/lang/String;Ljava/lang/Class;[Ljava/lang/Object;Z)Ljava/lang/Object; (787 bytes) @ 0x0000020c5f128174 [0x0000020c5f127b00+0x0000000000000674]
j  org.springframework.beans.factory.support.AbstractBeanFactory.getBean(Ljava/lang/String;)Ljava/lang/Object;+5
j  org.springframework.beans.factory.support.DefaultListableBeanFactory.preInstantiateSingletons()V+152
j  org.springframework.context.support.AbstractApplicationContext.finishBeanFactoryInitialization(Lorg/springframework/beans/factory/config/ConfigurableListableBeanFactory;)V+173
j  org.springframework.context.support.AbstractApplicationContext.refresh()V+94
j  org.springframework.boot.web.servlet.context.ServletWebServerApplicationContext.refresh()V+1
j  org.springframework.boot.SpringApplication.refresh(Lorg/springframework/context/ConfigurableApplicationContext;)V+1
j  org.springframework.boot.SpringApplication.refreshContext(Lorg/springframework/context/ConfigurableApplicationContext;)V+16
j  org.springframework.boot.SpringApplication.run([Ljava/lang/String;)Lorg/springframework/context/ConfigurableApplicationContext;+110
j  org.springframework.boot.SpringApplication.run([Ljava/lang/Class;[Ljava/lang/String;)Lorg/springframework/context/ConfigurableApplicationContext;+9
j  org.springframework.boot.SpringApplication.run(Ljava/lang/Class;[Ljava/lang/String;)Lorg/springframework/context/ConfigurableApplicationContext;+9
j  com.example.lunchex.LunchexApplication.main([Ljava/lang/String;)V+3
j  java.lang.invoke.LambdaForm$DMH+0x0000020c01004c00.invokeStatic(Ljava/lang/Object;Ljava/lang/Object;)V+10 java.base@21.0.2
j  java.lang.invoke.LambdaForm$MH+0x0000020c01130800.invoke(Ljava/lang/Object;Ljava/lang/Object;Ljava/lang/Object;)Ljava/lang/Object;+33 java.base@21.0.2
J 4603 c1 jdk.internal.reflect.DirectMethodHandleAccessor.invoke(Ljava/lang/Object;[Ljava/lang/Object;)Ljava/lang/Object; java.base@21.0.2 (92 bytes) @ 0x0000020c5f2d0d7c [0x0000020c5f2d09c0+0x00000000000003bc]
J 4775 c1 java.lang.reflect.Method.invoke(Ljava/lang/Object;[Ljava/lang/Object;)Ljava/lang/Object; java.base@21.0.2 (108 bytes) @ 0x0000020c5f321774 [0x0000020c5f321580+0x00000000000001f4]
j  org.springframework.boot.devtools.restart.RestartLauncher.run()V+47
v  ~StubRoutines::call_stub 0x0000020c5e8010e7

siginfo: EXCEPTION_ACCESS_VIOLATION (0xc0000005), reading address 0xffffffffffffffff


Registers:
RAX=0x000100ae04ad04c4, RBX=0x0000000000000001, RCX=0x000000000006d622, RDX=0x000000000006d622
RSP=0x000000e1c7efdc90, RBP=0x0000000000000000, RSI=0x000000e1c7efe030, RDI=0x000000e1c92fdf20
R8 =0x0000020c5614d720, R9 =0x000000000e5a0a00, R10=0x0000020c5e800000, R11=0x000000e1c7efded8
R12=0x000000000e5a0a00, R13=0x000000e1c92fdf20, R14=0x0000020c706eb370, R15=0x0000020c0072d03f
RIP=0x00007ffc1e485a98, EFLAGS=0x0000000000010206


Register to memory mapping:

RAX=0x000100ae04ad04c4 is an unknown value
RBX=0x0000000000000001 is an unknown value
RCX=0x000000000006d622 is an unknown value
RDX=0x000000000006d622 is an unknown value
RSP=0x000000e1c7efdc90 points into unknown readable memory: 0x0000000000000000 | 00 00 00 00 00 00 00 00
RBP=0x0 is null
RSI=0x000000e1c7efe030 points into unknown readable memory: 0x000000e1c92fdf18 | 18 df 2f c9 e1 00 00 00
RDI=0x000000e1c92fdf20 is pointing into the stack for thread: 0x0000020c706666c0
R8 =0x0000020c5614d720 points into unknown readable memory: 0x00007ffc1eb4b548 | 48 b5 b4 1e fc 7f 00 00
R9 =0x000000000e5a0a00 is an unknown value
R10=0x0000020c5e800000 points into unknown readable memory: 0x0000000000000006 | 06 00 00 00 00 00 00 00
R11=0x000000e1c7efded8 points into unknown readable memory: 0x00007ffc1e443f7d | 7d 3f 44 1e fc 7f 00 00
R12=0x000000000e5a0a00 is an unknown value
R13=0x000000e1c92fdf20 is pointing into the stack for thread: 0x0000020c706666c0
R14=0x0000020c706eb370 points into unknown readable memory: 0x00007ffc1eb527d8 | d8 27 b5 1e fc 7f 00 00
R15=0x0000020c0072d03f is pointing into metadata

Top of Stack: (sp=0x000000e1c7efdc90)
0x000000e1c7efdc90:   0000000000000000 00007ffc1e7c7e13
0x000000e1c7efdca0:   000000000000012f 00007ffc1e7e814f
0x000000e1c7efdcb0:   000000000000012f 0000000000000013
0x000000e1c7efdcc0:   000000e1c92fdf20 000100ae04ad04c4
0x000000e1c7efdcd0:   0000020c53ee4c90 0000000000000008
0x000000e1c7efdce0:   0000020c6fbbd1a8 0000000000000000
0x000000e1c7efdcf0:   0000020c6e40e000 0000020c6946e890
0x000000e1c7efdd00:   0000020c00544140 000000e1c92fdf20
0x000000e1c7efdd10:   000000e1c7efe030 000000e1c7efde60
0x000000e1c7efdd20:   0000020c6fbbd1a8 00007ffc1e493fe4
0x000000e1c7efdd30:   000000e1c7ef0006 000000e1c7ef0100
0x000000e1c7efdd40:   0000020c00480090 0000000000000000
0x000000e1c7efdd50:   0000020c6fbbd1a8 00007ffc1e44452b
0x000000e1c7efdd60:   0000000000000001 0000020c000b6430
0x000000e1c7efdd70:   0000020c6fbbd1a8 000000e1c7efe030
0x000000e1c7efdd80:   0000000f5f55f401 0000020c000b6430
0x000000e1c7efdd90:   0000020c6e3bbcf0 0000020c00000003
0x000000e1c7efdda0:   00000000000003d8 0000020c6946e8a0
0x000000e1c7efddb0:   0000020c6946ec78 0000020c0072d03f
0x000000e1c7efddc0:   0000020c000000b8 0000020c000b6430
0x000000e1c7efddd0:   00007ffc1eb49f00 000000e1c7efe030
0x000000e1c7efdde0:   0000020c6fbbd1a8 0000000400000003
0x000000e1c7efddf0:   0000020c00544140 0000001300000001
0x000000e1c7efde00:   0000000000000032 000000010000000c
0x000000e1c7efde10:   0000020c00480090 0000000000000000
0x000000e1c7efde20:   0000020c5f55f490 000001334157a334
0x000000e1c7efde30:   00007ffc1e985820 000000e1c7efdec0
0x000000e1c7efde40:   00000000000003d8 0000020c6946ec78
0x000000e1c7efde50:   0000020c00017600 000000065f550013
0x000000e1c7efde60:   0000020c00000000 0000000000000015
0x000000e1c7efde70:   0000020c6fbbd1a8 00007ffc1e49403e
0x000000e1c7efde80:   0000000000000000 0000020c00000003 

Instructions: (pc=0x00007ffc1e485a98)
0x00007ffc1e485998:   55 41 56 41 57 48 83 ec 58 80 3d 72 9c 8c 00 00
0x00007ffc1e4859a8:   49 8b f9 4d 8b e8 0f b7 da 4c 8b f1 74 16 45 8b
0x00007ffc1e4859b8:   78 08 8b 0d f8 85 8c 00 49 d3 e7 4c 03 3d e6 85
0x00007ffc1e4859c8:   8c 00 eb 04 4d 8b 78 08 49 8b d7 49 8b cd e8 d5
0x00007ffc1e4859d8:   67 cb ff 4c 8b e0 48 89 7c 24 30 33 c0 8b e8 0f
0x00007ffc1e4859e8:   b7 c3 66 c1 e8 08 66 89 84 24 a0 00 00 00 84 c0
0x00007ffc1e4859f8:   75 52 48 8b cf 83 e1 03 83 3d 45 a4 8c 00 02 75
0x00007ffc1e485a08:   09 48 83 f9 02 0f 94 c1 eb 05 f6 d1 80 e1 01 84
0x00007ffc1e485a18:   c9 75 05 48 8b ef eb 12 48 8d 54 24 40 48 8d 4c
0x00007ffc1e485a28:   24 30 e8 11 be 2f 00 48 8b 28 48 c1 ed 03 83 e5
0x00007ffc1e485a38:   0f 41 3b ae 80 01 00 00 73 0a 66 89 9c 24 a8 00
0x00007ffc1e485a48:   00 00 eb 12 66 c7 84 24 a8 00 00 00 00 01 0f b7
0x00007ffc1e485a58:   9c 24 a8 00 00 00 4d 8b 46 08 49 8b d5 66 c1 eb
0x00007ffc1e485a68:   08 41 8b 88 18 02 00 00 49 8b 80 10 02 00 00 48
0x00007ffc1e485a78:   d3 e0 8b 0d c0 57 93 00 48 2b d0 49 8b 80 f8 01
0x00007ffc1e485a88:   00 00 48 d3 ea 8b ca 48 8b 04 c8 48 89 44 24 38
0x00007ffc1e485a98:   44 8b 80 8c 00 00 00 48 0f be c3 48 6b c8 38 49
0x00007ffc1e485aa8:   8b 46 70 44 89 84 24 b0 00 00 00 48 8b 54 01 10
0x00007ffc1e485ab8:   84 db 75 04 4a 8d 14 c2 48 8b 0a 48 8b 71 30 48
0x00007ffc1e485ac8:   8b 41 38 48 2b c6 48 c1 e8 03 49 3b c4 72 74 4a
0x00007ffc1e485ad8:   8d 1c e5 00 00 00 00 48 89 9c 24 b8 00 00 00 48
0x00007ffc1e485ae8:   8d 04 33 48 89 41 30 48 85 f6 74 67 4d 8b c4 48
0x00007ffc1e485af8:   8b d6 49 8b cd e8 9e 51 cb ff 48 8b ce 48 8b c7
0x00007ffc1e485b08:   48 83 c9 03 f0 49 0f b1 4d 00 48 8b d8 0f 84 81
0x00007ffc1e485b18:   00 00 00 48 83 e3 fc 74 7b 8b 84 24 b0 00 00 00
0x00007ffc1e485b28:   4d 8b cc 0f b7 94 24 a8 00 00 00 4c 8b c6 49 8b
0x00007ffc1e485b38:   4e 70 89 44 24 20 e8 5d 53 fc ff 48 8b c3 e9 34
0x00007ffc1e485b48:   03 00 00 4a 8d 04 e5 00 00 00 00 48 89 84 24 b8
0x00007ffc1e485b58:   00 00 00 44 89 44 24 28 48 8d 94 24 a8 00 00 00
0x00007ffc1e485b68:   4d 8b c5 89 6c 24 20 4d 8b cc 49 8b ce e8 c6 fb
0x00007ffc1e485b78:   ff ff 48 8b f0 48 85 c0 0f 85 6e ff ff ff 4d 8b
0x00007ffc1e485b88:   cc 4c 8b c7 49 8b d5 49 8b ce e8 b9 06 00 00 e9 


Stack slot to memory mapping:

stack at sp + 0 slots: 0x0 is null
stack at sp + 1 slots: 0x00007ffc1e7c7e13 jvm.dll
stack at sp + 2 slots: 0x000000000000012f is an unknown value
stack at sp + 3 slots: 0x00007ffc1e7e814f jvm.dll
stack at sp + 4 slots: 0x000000000000012f is an unknown value
stack at sp + 5 slots: 0x0000000000000013 is an unknown value
stack at sp + 6 slots: 0x000000e1c92fdf20 is pointing into the stack for thread: 0x0000020c706666c0
stack at sp + 7 slots: 0x000100ae04ad04c4 is an unknown value


---------------  P R O C E S S  ---------------

Threads class SMR info:
_java_thread_list=0x0000020c6e536d40, length=34, elements={
0x0000020c6926b930, 0x0000020c6926c850, 0x0000020c6926f220, 0x0000020c69273230,
0x0000020c6929c0b0, 0x0000020c6929cb10, 0x0000020c692a7ab0, 0x0000020c6943f090,
0x0000020c694e7fe0, 0x0000020c694ec680, 0x0000020c694f0d20, 0x0000020c6e174ae0,
0x0000020c6e433840, 0x0000020c6e463c60, 0x0000020c6e46ef10, 0x0000020c6fb73f80,
0x0000020c7043f7a0, 0x0000020c70438810, 0x0000020c7043fe30, 0x0000020c70438ea0,
0x0000020c70666d50, 0x0000020c70663240, 0x0000020c70662bb0, 0x0000020c70664c80,
0x0000020c70439530, 0x0000020c7043c9b0, 0x0000020c7043a250, 0x0000020c7043ea80,
0x0000020c70660ae0, 0x0000020c706666c0, 0x0000020c70663f60, 0x0000020c706645f0,
0x0000020c70665310, 0x0000020c70661e90
}

Java Threads: ( => current thread )
  0x0000020c6926b930 JavaThread "Reference Handler"          daemon [_thread_blocked, id=2540, stack(0x000000e1c6f00000,0x000000e1c7000000) (1024K)]
  0x0000020c6926c850 JavaThread "Finalizer"                  daemon [_thread_blocked, id=6928, stack(0x000000e1c7000000,0x000000e1c7100000) (1024K)]
  0x0000020c6926f220 JavaThread "Signal Dispatcher"          daemon [_thread_blocked, id=18572, stack(0x000000e1c7100000,0x000000e1c7200000) (1024K)]
  0x0000020c69273230 JavaThread "Attach Listener"            daemon [_thread_blocked, id=16672, stack(0x000000e1c7200000,0x000000e1c7300000) (1024K)]
  0x0000020c6929c0b0 JavaThread "Service Thread"             daemon [_thread_blocked, id=14156, stack(0x000000e1c7300000,0x000000e1c7400000) (1024K)]
  0x0000020c6929cb10 JavaThread "Monitor Deflation Thread"   daemon [_thread_blocked, id=256, stack(0x000000e1c7400000,0x000000e1c7500000) (1024K)]
  0x0000020c692a7ab0 JavaThread "C1 CompilerThread0"         daemon [_thread_blocked, id=6968, stack(0x000000e1c7500000,0x000000e1c7600000) (1024K)]
  0x0000020c6943f090 JavaThread "Common-Cleaner"             daemon [_thread_blocked, id=9192, stack(0x000000e1c7600000,0x000000e1c7700000) (1024K)]
  0x0000020c694e7fe0 JavaThread "JDWP Transport Listener: dt_socket" daemon [_thread_blocked, id=1560, stack(0x000000e1c7a00000,0x000000e1c7b00000) (1024K)]
  0x0000020c694ec680 JavaThread "JDWP Event Helper Thread"   daemon [_thread_blocked, id=19160, stack(0x000000e1c7b00000,0x000000e1c7c00000) (1024K)]
  0x0000020c694f0d20 JavaThread "JDWP Command Reader"        daemon [_thread_in_native, id=19164, stack(0x000000e1c7c00000,0x000000e1c7d00000) (1024K)]
  0x0000020c6e174ae0 JavaThread "Notification Thread"        daemon [_thread_blocked, id=2128, stack(0x000000e1c7d00000,0x000000e1c7e00000) (1024K)]
  0x0000020c6e433840 JavaThread "RMI TCP Accept-0"           daemon [_thread_in_native, id=8900, stack(0x000000e1c8500000,0x000000e1c8600000) (1024K)]
  0x0000020c6e463c60 JavaThread "RMI TCP Accept-52987"       daemon [_thread_in_native, id=11328, stack(0x000000e1c8600000,0x000000e1c8700000) (1024K)]
  0x0000020c6e46ef10 JavaThread "RMI TCP Accept-0"           daemon [_thread_in_native, id=4388, stack(0x000000e1c8700000,0x000000e1c8800000) (1024K)]
  0x0000020c6fb73f80 JavaThread "Live Reload Server"         daemon [_thread_in_native, id=5744, stack(0x000000e1c9500000,0x000000e1c9600000) (1024K)]
  0x0000020c7043f7a0 JavaThread "DestroyJavaVM"                     [_thread_blocked, id=9776, stack(0x000000e1c6700000,0x000000e1c6800000) (1024K)]
  0x0000020c70438810 JavaThread "RMI Scheduler(0)"           daemon [_thread_blocked, id=9632, stack(0x000000e1c6500000,0x000000e1c6600000) (1024K)]
  0x0000020c7043fe30 JavaThread "RMI TCP Connection(idle)"   daemon [_thread_blocked, id=15672, stack(0x000000e1c6600000,0x000000e1c6700000) (1024K)]
  0x0000020c70438ea0 JavaThread "JMX server connection timeout 68" daemon [_thread_blocked, id=5156, stack(0x000000e1c7700000,0x000000e1c7800000) (1024K)]
  0x0000020c70666d50 JavaThread "File Watcher"               daemon [_thread_blocked, id=8948, stack(0x000000e1c8800000,0x000000e1c8900000) (1024K)]
  0x0000020c70663240 JavaThread "File Watcher"               daemon [_thread_blocked, id=20184, stack(0x000000e1c6400000,0x000000e1c6500000) (1024K)]
  0x0000020c70662bb0 JavaThread "File Watcher"               daemon [_thread_blocked, id=4520, stack(0x000000e1c8900000,0x000000e1c8a00000) (1024K)]
  0x0000020c70664c80 JavaThread "File Watcher"               daemon [_thread_blocked, id=20456, stack(0x000000e1c8a00000,0x000000e1c8b00000) (1024K)]
  0x0000020c70439530 JavaThread "File Watcher"               daemon [_thread_blocked, id=14160, stack(0x000000e1c8b00000,0x000000e1c8c00000) (1024K)]
  0x0000020c7043c9b0 JavaThread "File Watcher"               daemon [_thread_blocked, id=9736, stack(0x000000e1c7900000,0x000000e1c7a00000) (1024K)]
  0x0000020c7043a250 JavaThread "File Watcher"               daemon [_thread_blocked, id=19964, stack(0x000000e1c8d00000,0x000000e1c8e00000) (1024K)]
  0x0000020c7043ea80 JavaThread "PostgreSQL-JDBC-Cleaner"    daemon [_thread_blocked, id=4364, stack(0x000000e1c9800000,0x000000e1c9900000) (1024K)]
  0x0000020c70660ae0 JavaThread "Thread-27"                         [_thread_blocked, id=2744, stack(0x000000e1c9100000,0x000000e1c9200000) (1024K)]
  0x0000020c706666c0 JavaThread "restartedMain"                     [_thread_blocked, id=19876, stack(0x000000e1c9200000,0x000000e1c9300000) (1024K)]
  0x0000020c70663f60 JavaThread "Catalina-utility-1"                [_thread_blocked, id=16664, stack(0x000000e1c9400000,0x000000e1c9500000) (1024K)]
  0x0000020c706645f0 JavaThread "Catalina-utility-2"                [_thread_blocked, id=19656, stack(0x000000e1c9600000,0x000000e1c9700000) (1024K)]
  0x0000020c70665310 JavaThread "container-7"                       [_thread_blocked, id=20936, stack(0x000000e1c9700000,0x000000e1c9800000) (1024K)]
  0x0000020c70661e90 JavaThread "HikariPool-12 housekeeper"  daemon [_thread_blocked, id=2932, stack(0x000000e1c9900000,0x000000e1c9a00000) (1024K)]
Total: 34

Other Threads:
  0x0000020c6924a7c0 VMThread "VM Thread"                           [id=1156, stack(0x000000e1c6e00000,0x000000e1c6f00000) (1024K)]
  0x0000020c692387c0 WatcherThread "VM Periodic Task Thread"        [id=9236, stack(0x000000e1c6d00000,0x000000e1c6e00000) (1024K)]
  0x0000020c561a5490 WorkerThread "GC Thread#0"                     [id=9592, stack(0x000000e1c6800000,0x000000e1c6900000) (1024K)]
=>0x0000020c6e3bbcf0 WorkerThread "GC Thread#1"                     [id=68, stack(0x000000e1c7e00000,0x000000e1c7f00000) (1024K)]
  0x0000020c6e3bc090 WorkerThread "GC Thread#2"                     [id=12316, stack(0x000000e1c7f00000,0x000000e1c8000000) (1024K)]
  0x0000020c6e3bc430 WorkerThread "GC Thread#3"                     [id=19072, stack(0x000000e1c8000000,0x000000e1c8100000) (1024K)]
  0x0000020c6e3bc9e0 WorkerThread "GC Thread#4"                     [id=10248, stack(0x000000e1c8100000,0x000000e1c8200000) (1024K)]
  0x0000020c6e41b150 WorkerThread "GC Thread#5"                     [id=7072, stack(0x000000e1c8200000,0x000000e1c8300000) (1024K)]
  0x0000020c6e419f30 WorkerThread "GC Thread#6"                     [id=14500, stack(0x000000e1c8300000,0x000000e1c8400000) (1024K)]
  0x0000020c6e41aa10 WorkerThread "GC Thread#7"                     [id=6136, stack(0x000000e1c8400000,0x000000e1c8500000) (1024K)]
  0x0000020c561b5e90 ConcurrentGCThread "G1 Main Marker"            [id=15136, stack(0x000000e1c6900000,0x000000e1c6a00000) (1024K)]
  0x0000020c561b68a0 WorkerThread "G1 Conc#0"                       [id=6844, stack(0x000000e1c6a00000,0x000000e1c6b00000) (1024K)]
  0x0000020c6e419b90 WorkerThread "G1 Conc#1"                       [id=17344, stack(0x000000e1c8c00000,0x000000e1c8d00000) (1024K)]
  0x0000020c6910dfc0 ConcurrentGCThread "G1 Refine#0"               [id=5084, stack(0x000000e1c6b00000,0x000000e1c6c00000) (1024K)]
  0x0000020c6910ea40 ConcurrentGCThread "G1 Service"                [id=6384, stack(0x000000e1c6c00000,0x000000e1c6d00000) (1024K)]
Total: 15

Threads with active compile tasks:
Total: 0

VM state: at safepoint (normal execution)

VM Mutex/Monitor currently owned by a thread:  ([mutex/lock_event])
[0x00007ffc1edd3198] Threads_lock - owner thread: 0x0000020c6924a7c0
[0x00007ffc1edd3298] Heap_lock - owner thread: 0x0000020c70662bb0

Heap address: 0x0000000704e00000, size: 4018 MB, Compressed Oops mode: Zero based, Oop shift amount: 3

CDS archive(s) mapped at: [0x0000020c00000000-0x0000020c00c90000-0x0000020c00c90000), size 13172736, SharedBaseAddress: 0x0000020c00000000, ArchiveRelocationMode: 1.
Compressed class space mapped at: 0x0000020c01000000-0x0000020c41000000, reserved size: 1073741824
Narrow klass base: 0x0000020c00000000, Narrow klass shift: 0, Narrow klass range: 0x100000000

GC Precious Log:
 CardTable entry size: 512
 Card Set container configuration: InlinePtr #cards 4 size 8 Array Of Cards #cards 16 size 48 Howl #buckets 8 coarsen threshold 3686 Howl Bitmap #cards 512 size 80 coarsen threshold 460 Card regions per heap region 1 cards per card region 4096
 CPUs: 8 total, 8 available
 Memory: 16064M
 Large Page Support: Disabled
 NUMA Support: Disabled
 Compressed Oops: Enabled (Zero based)
 Heap Region Size: 2M
 Heap Min Capacity: 8M
 Heap Initial Capacity: 252M
 Heap Max Capacity: 4018M
 Pre-touch: Disabled
 Parallel Workers: 8
 Concurrent Workers: 2
 Concurrent Refinement Workers: 8
 Periodic GC: Disabled

Heap:
 garbage-first heap   total 108544K, used 87067K [0x0000000704e00000, 0x0000000800000000)
  region size 2048K, 31 young (63488K), 1 survivors (2048K)
 Metaspace       used 52280K, committed 53632K, reserved 1114112K
  class space    used 7045K, committed 7488K, reserved 1048576K

Heap Regions: E=young(eden), S=young(survivor), O=old, HS=humongous(starts), HC=humongous(continues), CS=collection set, F=free, TAMS=top-at-mark-start, PB=parsable bottom
|   0|0x0000000704e00000, 0x0000000704ffff80, 0x0000000705000000| 99%| O|  |TAMS 0x0000000704e00000| PB 0x0000000704e00000| Untracked 
|   1|0x0000000705000000, 0x00000007051ffff8, 0x0000000705200000| 99%| O|  |TAMS 0x0000000705000000| PB 0x0000000705000000| Untracked 
|   2|0x0000000705200000, 0x00000007053fffe0, 0x0000000705400000| 99%| O|  |TAMS 0x0000000705200000| PB 0x0000000705200000| Untracked 
|   3|0x0000000705400000, 0x0000000705600000, 0x0000000705600000|100%| O|  |TAMS 0x0000000705400000| PB 0x0000000705400000| Untracked 
|   4|0x0000000705600000, 0x0000000705800000, 0x0000000705800000|100%| O|  |TAMS 0x0000000705600000| PB 0x0000000705600000| Untracked 
|   5|0x0000000705800000, 0x00000007059fffd8, 0x0000000705a00000| 99%| O|  |TAMS 0x0000000705800000| PB 0x0000000705800000| Untracked 
|   6|0x0000000705a00000, 0x0000000705bffff8, 0x0000000705c00000| 99%| O|  |TAMS 0x0000000705a00000| PB 0x0000000705a00000| Untracked 
|   7|0x0000000705c00000, 0x0000000705c65418, 0x0000000705e00000| 19%| O|  |TAMS 0x0000000705c00000| PB 0x0000000705c00000| Untracked 
|   8|0x0000000705e00000, 0x0000000705fff5d0, 0x0000000706000000| 99%| O|  |TAMS 0x0000000705e00000| PB 0x0000000705e00000| Untracked 
|   9|0x0000000706000000, 0x0000000706139668, 0x0000000706200000| 61%| O|  |TAMS 0x0000000706000000| PB 0x0000000706000000| Untracked 
|  10|0x0000000706200000, 0x00000007063fffd8, 0x0000000706400000| 99%| O|  |TAMS 0x0000000706200000| PB 0x0000000706200000| Untracked 
|  11|0x0000000706400000, 0x0000000706600000, 0x0000000706600000|100%| O|  |TAMS 0x0000000706400000| PB 0x0000000706400000| Untracked 
|  12|0x0000000706600000, 0x000000070660fcf0, 0x0000000706800000|  3%| O|  |TAMS 0x0000000706600000| PB 0x0000000706600000| Untracked 
|  13|0x0000000706800000, 0x0000000706a00000, 0x0000000706a00000|100%| O|  |TAMS 0x0000000706800000| PB 0x0000000706800000| Untracked 
|  14|0x0000000706a00000, 0x0000000706a01030, 0x0000000706c00000|  0%| O|CS|TAMS 0x0000000706a00000| PB 0x0000000706a00000| Complete 
|  15|0x0000000706c00000, 0x0000000706c96ac8, 0x0000000706e00000| 29%| O|  |TAMS 0x0000000706c00000| PB 0x0000000706c00000| Untracked 
|  16|0x0000000706e00000, 0x0000000706e00000, 0x0000000707000000|  0%| F|  |TAMS 0x0000000706e00000| PB 0x0000000706e00000| Untracked 
|  17|0x0000000707000000, 0x0000000707000000, 0x0000000707200000|  0%| F|  |TAMS 0x0000000707000000| PB 0x0000000707000000| Untracked 
|  18|0x0000000707200000, 0x00000007072fd4a0, 0x0000000707400000| 49%| E|CS|TAMS 0x0000000707200000| PB 0x0000000707200000| Complete 
|  19|0x0000000707400000, 0x0000000707400000, 0x0000000707600000|  0%| F|  |TAMS 0x0000000707400000| PB 0x0000000707400000| Untracked 
|  20|0x0000000707600000, 0x0000000707600000, 0x0000000707800000|  0%| F|  |TAMS 0x0000000707600000| PB 0x0000000707600000| Untracked 
|  21|0x0000000707800000, 0x0000000707800000, 0x0000000707a00000|  0%| F|  |TAMS 0x0000000707800000| PB 0x0000000707800000| Untracked 
|  22|0x0000000707a00000, 0x0000000707aedfd8, 0x0000000707c00000| 46%| S|  |TAMS 0x0000000707a00000| PB 0x0000000707a00000| Complete 
|  23|0x0000000707c00000, 0x0000000707e00000, 0x0000000707e00000|100%| E|CS|TAMS 0x0000000707c00000| PB 0x0000000707c00000| Complete 
|  24|0x0000000707e00000, 0x0000000708000000, 0x0000000708000000|100%| E|CS|TAMS 0x0000000707e00000| PB 0x0000000707e00000| Complete 
|  25|0x0000000708000000, 0x0000000708200000, 0x0000000708200000|100%| E|CS|TAMS 0x0000000708000000| PB 0x0000000708000000| Complete 
|  26|0x0000000708200000, 0x0000000708400000, 0x0000000708400000|100%| E|CS|TAMS 0x0000000708200000| PB 0x0000000708200000| Complete 
|  27|0x0000000708400000, 0x0000000708600000, 0x0000000708600000|100%| E|CS|TAMS 0x0000000708400000| PB 0x0000000708400000| Complete 
|  28|0x0000000708600000, 0x0000000708800000, 0x0000000708800000|100%| E|CS|TAMS 0x0000000708600000| PB 0x0000000708600000| Complete 
|  29|0x0000000708800000, 0x0000000708a00000, 0x0000000708a00000|100%| E|CS|TAMS 0x0000000708800000| PB 0x0000000708800000| Complete 
|  30|0x0000000708a00000, 0x0000000708c00000, 0x0000000708c00000|100%| E|CS|TAMS 0x0000000708a00000| PB 0x0000000708a00000| Complete 
|  31|0x0000000708c00000, 0x0000000708e00000, 0x0000000708e00000|100%| E|CS|TAMS 0x0000000708c00000| PB 0x0000000708c00000| Complete 
|  32|0x0000000708e00000, 0x0000000709000000, 0x0000000709000000|100%| E|CS|TAMS 0x0000000708e00000| PB 0x0000000708e00000| Complete 
|  33|0x0000000709000000, 0x0000000709200000, 0x0000000709200000|100%| E|CS|TAMS 0x0000000709000000| PB 0x0000000709000000| Complete 
|  34|0x0000000709200000, 0x0000000709400000, 0x0000000709400000|100%| E|CS|TAMS 0x0000000709200000| PB 0x0000000709200000| Complete 
|  35|0x0000000709400000, 0x0000000709600000, 0x0000000709600000|100%| E|CS|TAMS 0x0000000709400000| PB 0x0000000709400000| Complete 
|  36|0x0000000709600000, 0x0000000709800000, 0x0000000709800000|100%| E|CS|TAMS 0x0000000709600000| PB 0x0000000709600000| Complete 
|  37|0x0000000709800000, 0x0000000709a00000, 0x0000000709a00000|100%| E|CS|TAMS 0x0000000709800000| PB 0x0000000709800000| Complete 
|  38|0x0000000709a00000, 0x0000000709c00000, 0x0000000709c00000|100%| E|CS|TAMS 0x0000000709a00000| PB 0x0000000709a00000| Complete 
|  39|0x0000000709c00000, 0x0000000709e00000, 0x0000000709e00000|100%| E|CS|TAMS 0x0000000709c00000| PB 0x0000000709c00000| Complete 
|  40|0x0000000709e00000, 0x000000070a000000, 0x000000070a000000|100%| E|CS|TAMS 0x0000000709e00000| PB 0x0000000709e00000| Complete 
|  41|0x000000070a000000, 0x000000070a200000, 0x000000070a200000|100%| E|CS|TAMS 0x000000070a000000| PB 0x000000070a000000| Complete 
|  42|0x000000070a200000, 0x000000070a400000, 0x000000070a400000|100%| E|CS|TAMS 0x000000070a200000| PB 0x000000070a200000| Complete 
|  43|0x000000070a400000, 0x000000070a600000, 0x000000070a600000|100%| E|CS|TAMS 0x000000070a400000| PB 0x000000070a400000| Complete 
|  44|0x000000070a600000, 0x000000070a800000, 0x000000070a800000|100%| E|CS|TAMS 0x000000070a600000| PB 0x000000070a600000| Complete 
|  45|0x000000070a800000, 0x000000070aa00000, 0x000000070aa00000|100%| E|CS|TAMS 0x000000070a800000| PB 0x000000070a800000| Complete 
|  46|0x000000070aa00000, 0x000000070ac00000, 0x000000070ac00000|100%| E|CS|TAMS 0x000000070aa00000| PB 0x000000070aa00000| Complete 
|  47|0x000000070ac00000, 0x000000070ae00000, 0x000000070ae00000|100%| E|CS|TAMS 0x000000070ac00000| PB 0x000000070ac00000| Complete 
|  48|0x000000070ae00000, 0x000000070b000000, 0x000000070b000000|100%| E|CS|TAMS 0x000000070ae00000| PB 0x000000070ae00000| Complete 
|  49|0x000000070b000000, 0x000000070b200000, 0x000000070b200000|100%| E|CS|TAMS 0x000000070b000000| PB 0x000000070b000000| Complete 
|  50|0x000000070b200000, 0x000000070b400000, 0x000000070b400000|100%| E|CS|TAMS 0x000000070b200000| PB 0x000000070b200000| Complete 
|  51|0x000000070b400000, 0x000000070b600000, 0x000000070b600000|100%| E|CS|TAMS 0x000000070b400000| PB 0x000000070b400000| Complete 
|  52|0x000000070b600000, 0x000000070b800000, 0x000000070b800000|100%| E|CS|TAMS 0x000000070b600000| PB 0x000000070b600000| Complete 

Card table byte_map: [0x0000020c620f0000,0x0000020c628d0000] _byte_map_base: 0x0000020c5e8c9000

Marking Bits: (CMBitMap*) 0x0000020c561a5aa0
 Bits: [0x0000020c628d0000, 0x0000020c66798000)

Polling page: 0x0000020c558f0000

Metaspace:

Usage:
  Non-class:     44.18 MB used.
      Class:      6.88 MB used.
       Both:     51.06 MB used.

Virtual space:
  Non-class space:       64.00 MB reserved,      45.06 MB ( 70%) committed,  1 nodes.
      Class space:        1.00 GB reserved,       7.31 MB ( <1%) committed,  1 nodes.
             Both:        1.06 GB reserved,      52.38 MB (  5%) committed. 

Chunk freelists:
   Non-Class:  3.04 MB
       Class:  8.66 MB
        Both:  11.70 MB

MaxMetaspaceSize: unlimited
CompressedClassSpaceSize: 1.00 GB
Initial GC threshold: 21.00 MB
Current GC threshold: 87.44 MB
CDS: on
 - commit_granule_bytes: 65536.
 - commit_granule_words: 8192.
 - virtual_space_node_default_size: 8388608.
 - enlarge_chunks_in_place: 1.
 - use_allocation_guard: 0.


Internal statistics:

num_allocs_failed_limit: 6.
num_arena_births: 2430.
num_arena_deaths: 1682.
num_vsnodes_births: 2.
num_vsnodes_deaths: 0.
num_space_committed: 839.
num_space_uncommitted: 1.
num_chunks_returned_to_freelist: 2415.
num_chunks_taken_from_freelist: 5031.
num_chunk_merges: 386.
num_chunk_splits: 2442.
num_chunks_enlarged: 1664.
num_inconsistent_stats: 0.

CodeCache: size=49152Kb used=10711Kb max_used=18694Kb free=38440Kb
 bounds [0x0000020c5e800000, 0x0000020c5fb30000, 0x0000020c61800000]
 total_blobs=5710 nmethods=5061 adapters=572
 compilation: enabled
              stopped_count=0, restarted_count=0
 full_count=0

Compilation events (20 events):
Event: 5929.489 Thread 0x0000020c692a7ab0 25661       1       sun.util.logging.internal.LoggingProviderImpl$JULWrapper::log (13 bytes)
Event: 5929.489 Thread 0x0000020c692a7ab0 nmethod 25661 0x0000020c5f723790 code [0x0000020c5f723960, 0x0000020c5f723b98]
Event: 5989.498 Thread 0x0000020c692a7ab0 25662       1       com.sun.jmx.remote.internal.ServerCommunicatorAdmin::logtime (16 bytes)
Event: 5989.499 Thread 0x0000020c692a7ab0 nmethod 25662 0x0000020c5f722a90 code [0x0000020c5f722ce0, 0x0000020c5f723130]
Event: 5989.499 Thread 0x0000020c692a7ab0 25663       1       java.lang.invoke.LambdaForm$MH/0x0000020c01742c00::linkToTargetMethod (10 bytes)
Event: 5989.500 Thread 0x0000020c692a7ab0 nmethod 25663 0x0000020c5f722690 code [0x0000020c5f722840, 0x0000020c5f722978]
Event: 5989.500 Thread 0x0000020c692a7ab0 25664       1       java.lang.invoke.LambdaForm$MH/0x0000020c01742800::invoke (101 bytes)
Event: 5989.500 Thread 0x0000020c692a7ab0 nmethod 25664 0x0000020c5f721d10 code [0x0000020c5f721f20, 0x0000020c5f7222c8]
Event: 5989.500 Thread 0x0000020c692a7ab0 25665       1       java.lang.invoke.LambdaForm$MH/0x0000020c01741c00::invoke (48 bytes)
Event: 5989.500 Thread 0x0000020c692a7ab0 nmethod 25665 0x0000020c5f721710 code [0x0000020c5f7218e0, 0x0000020c5f721ae8]
Event: 5989.500 Thread 0x0000020c692a7ab0 25666       1       com.sun.jmx.remote.util.ClassLogger::trace (14 bytes)
Event: 5989.500 Thread 0x0000020c692a7ab0 nmethod 25666 0x0000020c5f721390 code [0x0000020c5f721540, 0x0000020c5f721658]
Event: 5990.545 Thread 0x0000020c692a7ab0 25667       1       org.apache.tomcat.util.collections.ManagedConcurrentWeakHashMap::maintain (44 bytes)
Event: 5990.545 Thread 0x0000020c692a7ab0 nmethod 25667 0x0000020c5f720e90 code [0x0000020c5f721040, 0x0000020c5f721208]
Event: 5990.545 Thread 0x0000020c692a7ab0 25668  s    1       org.apache.catalina.core.StandardWrapper::backgroundProcess (38 bytes)
Event: 5990.546 Thread 0x0000020c692a7ab0 nmethod 25668 0x0000020c5f720890 code [0x0000020c5f720a60, 0x0000020c5f720d88]
Event: 6004.500 Thread 0x0000020c692a7ab0 25669       1       java.lang.invoke.VarHandleGuards::guard_LLL_L (98 bytes)
Event: 6004.501 Thread 0x0000020c692a7ab0 nmethod 25669 0x0000020c5eefa010 code [0x0000020c5eefa2e0, 0x0000020c5eefae88]
Event: 6004.501 Thread 0x0000020c692a7ab0 25670       1       java.lang.invoke.VarHandleReferences$FieldInstanceReadWrite::compareAndExchange (48 bytes)
Event: 6004.502 Thread 0x0000020c692a7ab0 nmethod 25670 0x0000020c5eef9510 code [0x0000020c5eef9740, 0x0000020c5eef9c88]

GC Heap History (20 events):
Event: 5380.606 GC heap after
{Heap after GC invocations=130 (full 3):
 garbage-first heap   total 96256K, used 24380K [0x0000000704e00000, 0x0000000800000000)
  region size 2048K, 1 young (2048K), 1 survivors (2048K)
 Metaspace       used 52110K, committed 53632K, reserved 1114112K
  class space    used 7005K, committed 7488K, reserved 1048576K
}
Event: 5453.889 GC heap before
{Heap before GC invocations=130 (full 3):
 garbage-first heap   total 96256K, used 79676K [0x0000000704e00000, 0x0000000800000000)
  region size 2048K, 28 young (57344K), 1 survivors (2048K)
 Metaspace       used 52120K, committed 53632K, reserved 1114112K
  class space    used 7006K, committed 7488K, reserved 1048576K
}
Event: 5453.891 GC heap after
{Heap after GC invocations=131 (full 3):
 garbage-first heap   total 96256K, used 24571K [0x0000000704e00000, 0x0000000800000000)
  region size 2048K, 1 young (2048K), 1 survivors (2048K)
 Metaspace       used 52120K, committed 53632K, reserved 1114112K
  class space    used 7006K, committed 7488K, reserved 1048576K
}
Event: 5526.676 GC heap before
{Heap before GC invocations=132 (full 3):
 garbage-first heap   total 96256K, used 79867K [0x0000000704e00000, 0x0000000800000000)
  region size 2048K, 28 young (57344K), 1 survivors (2048K)
 Metaspace       used 52110K, committed 53632K, reserved 1114112K
  class space    used 7005K, committed 7488K, reserved 1048576K
}
Event: 5526.678 GC heap after
{Heap after GC invocations=133 (full 3):
 garbage-first heap   total 96256K, used 24537K [0x0000000704e00000, 0x0000000800000000)
  region size 2048K, 1 young (2048K), 1 survivors (2048K)
 Metaspace       used 52110K, committed 53632K, reserved 1114112K
  class space    used 7005K, committed 7488K, reserved 1048576K
}
Event: 5599.082 GC heap before
{Heap before GC invocations=133 (full 3):
 garbage-first heap   total 96256K, used 79833K [0x0000000704e00000, 0x0000000800000000)
  region size 2048K, 28 young (57344K), 1 survivors (2048K)
 Metaspace       used 52112K, committed 53632K, reserved 1114112K
  class space    used 7005K, committed 7488K, reserved 1048576K
}
Event: 5599.084 GC heap after
{Heap after GC invocations=134 (full 3):
 garbage-first heap   total 96256K, used 24436K [0x0000000704e00000, 0x0000000800000000)
  region size 2048K, 1 young (2048K), 1 survivors (2048K)
 Metaspace       used 52112K, committed 53632K, reserved 1114112K
  class space    used 7005K, committed 7488K, reserved 1048576K
}
Event: 5668.645 GC heap before
{Heap before GC invocations=134 (full 3):
 garbage-first heap   total 96256K, used 79732K [0x0000000704e00000, 0x0000000800000000)
  region size 2048K, 28 young (57344K), 1 survivors (2048K)
 Metaspace       used 52112K, committed 53632K, reserved 1114112K
  class space    used 7005K, committed 7488K, reserved 1048576K
}
Event: 5668.647 GC heap after
{Heap after GC invocations=135 (full 3):
 garbage-first heap   total 96256K, used 24851K [0x0000000704e00000, 0x0000000800000000)
  region size 2048K, 1 young (2048K), 1 survivors (2048K)
 Metaspace       used 52112K, committed 53632K, reserved 1114112K
  class space    used 7005K, committed 7488K, reserved 1048576K
}
Event: 5741.188 GC heap before
{Heap before GC invocations=136 (full 3):
 garbage-first heap   total 96256K, used 80147K [0x0000000704e00000, 0x0000000800000000)
  region size 2048K, 28 young (57344K), 1 survivors (2048K)
 Metaspace       used 52112K, committed 53632K, reserved 1114112K
  class space    used 7005K, committed 7488K, reserved 1048576K
}
Event: 5741.190 GC heap after
{Heap after GC invocations=137 (full 3):
 garbage-first heap   total 96256K, used 25019K [0x0000000704e00000, 0x0000000800000000)
  region size 2048K, 1 young (2048K), 1 survivors (2048K)
 Metaspace       used 52112K, committed 53632K, reserved 1114112K
  class space    used 7005K, committed 7488K, reserved 1048576K
}
Event: 5814.071 GC heap before
{Heap before GC invocations=137 (full 3):
 garbage-first heap   total 96256K, used 80315K [0x0000000704e00000, 0x0000000800000000)
  region size 2048K, 28 young (57344K), 1 survivors (2048K)
 Metaspace       used 52122K, committed 53632K, reserved 1114112K
  class space    used 7007K, committed 7488K, reserved 1048576K
}
Event: 5814.073 GC heap after
{Heap after GC invocations=138 (full 3):
 garbage-first heap   total 96256K, used 24575K [0x0000000704e00000, 0x0000000800000000)
  region size 2048K, 1 young (2048K), 1 survivors (2048K)
 Metaspace       used 52122K, committed 53632K, reserved 1114112K
  class space    used 7007K, committed 7488K, reserved 1048576K
}
Event: 5869.895 GC heap before
{Heap before GC invocations=138 (full 3):
 garbage-first heap   total 96256K, used 67583K [0x0000000704e00000, 0x0000000800000000)
  region size 2048K, 23 young (47104K), 1 survivors (2048K)
 Metaspace       used 52130K, committed 53632K, reserved 1114112K
  class space    used 7009K, committed 7488K, reserved 1048576K
}
Event: 5869.920 GC heap after
{Heap after GC invocations=139 (full 4):
 garbage-first heap   total 90112K, used 20155K [0x0000000704e00000, 0x0000000800000000)
  region size 2048K, 0 young (0K), 0 survivors (0K)
 Metaspace       used 52062K, committed 53632K, reserved 1114112K
  class space    used 6997K, committed 7488K, reserved 1048576K
}
Event: 5870.660 GC heap before
{Heap before GC invocations=139 (full 4):
 garbage-first heap   total 90112K, used 61115K [0x0000000704e00000, 0x0000000800000000)
  region size 2048K, 22 young (45056K), 0 survivors (0K)
 Metaspace       used 52268K, committed 53632K, reserved 1114112K
  class space    used 7044K, committed 7488K, reserved 1048576K
}
Event: 5870.664 GC heap after
{Heap after GC invocations=140 (full 4):
 garbage-first heap   total 90112K, used 24764K [0x0000000704e00000, 0x0000000800000000)
  region size 2048K, 3 young (6144K), 3 survivors (6144K)
 Metaspace       used 52268K, committed 53632K, reserved 1114112K
  class space    used 7044K, committed 7488K, reserved 1048576K
}
Event: 5929.764 GC heap before
{Heap before GC invocations=141 (full 4):
 garbage-first heap   total 90112K, used 69820K [0x0000000704e00000, 0x0000000800000000)
  region size 2048K, 25 young (51200K), 3 survivors (6144K)
 Metaspace       used 52278K, committed 53632K, reserved 1114112K
  class space    used 7045K, committed 7488K, reserved 1048576K
}
Event: 5929.769 GC heap after
{Heap after GC invocations=142 (full 4):
 garbage-first heap   total 108544K, used 25627K [0x0000000704e00000, 0x0000000800000000)
  region size 2048K, 1 young (2048K), 1 survivors (2048K)
 Metaspace       used 52278K, committed 53632K, reserved 1114112K
  class space    used 7045K, committed 7488K, reserved 1048576K
}
Event: 6020.966 GC heap before
{Heap before GC invocations=142 (full 4):
 garbage-first heap   total 108544K, used 87067K [0x0000000704e00000, 0x0000000800000000)
  region size 2048K, 31 young (63488K), 1 survivors (2048K)
 Metaspace       used 52280K, committed 53632K, reserved 1114112K
  class space    used 7045K, committed 7488K, reserved 1048576K
}

Dll operation events (12 events):
Event: 0.007 Loaded shared library C:\pleiades\2024-03\java\21\bin\java.dll
Event: 0.289 Loaded shared library C:\pleiades\2024-03\java\21\bin\zip.dll
Event: 0.293 Loaded shared library C:\pleiades\2024-03\java\21\bin\instrument.dll
Event: 0.296 Loaded shared library C:\pleiades\2024-03\java\21\bin\net.dll
Event: 0.297 Loaded shared library C:\pleiades\2024-03\java\21\bin\nio.dll
Event: 0.300 Loaded shared library C:\pleiades\2024-03\java\21\bin\zip.dll
Event: 0.389 Loaded shared library C:\pleiades\2024-03\java\21\bin\jimage.dll
Event: 0.422 Loaded shared library C:\pleiades\2024-03\java\21\bin\management.dll
Event: 0.429 Loaded shared library C:\pleiades\2024-03\java\21\bin\management_ext.dll
Event: 0.555 Loaded shared library C:\pleiades\2024-03\java\21\bin\verify.dll
Event: 0.628 Loaded shared library C:\pleiades\2024-03\java\21\bin\extnet.dll
Event: 1.794 Loaded shared library C:\pleiades\2024-03\java\21\bin\sunmscapi.dll

Deoptimization events (20 events):
Event: 5870.688 Thread 0x0000020c706666c0 DEOPT PACKING pc=0x0000020c5f643e2c sp=0x000000e1c92fb6b0
Event: 5870.688 Thread 0x0000020c706666c0 DEOPT UNPACKING pc=0x0000020c5e8588e2 sp=0x000000e1c92fac70 mode 1
Event: 5870.691 Thread 0x0000020c706666c0 DEOPT PACKING pc=0x0000020c5efe276c sp=0x000000e1c92fbce0
Event: 5870.691 Thread 0x0000020c706666c0 DEOPT UNPACKING pc=0x0000020c5e8588e2 sp=0x000000e1c92fb208 mode 1
Event: 5870.691 Thread 0x0000020c706666c0 DEOPT PACKING pc=0x0000020c5ea455f4 sp=0x000000e1c92fbdc0
Event: 5870.691 Thread 0x0000020c706666c0 DEOPT UNPACKING pc=0x0000020c5e8588e2 sp=0x000000e1c92fb370 mode 1
Event: 5870.691 Thread 0x0000020c706666c0 DEOPT PACKING pc=0x0000020c5f643e2c sp=0x000000e1c92fbf30
Event: 5870.691 Thread 0x0000020c706666c0 DEOPT UNPACKING pc=0x0000020c5e8588e2 sp=0x000000e1c92fb4f0 mode 1
Event: 5870.691 Thread 0x0000020c706666c0 DEOPT PACKING pc=0x0000020c5f6e2334 sp=0x000000e1c92fd4d0
Event: 5870.691 Thread 0x0000020c706666c0 DEOPT UNPACKING pc=0x0000020c5e8588e2 sp=0x000000e1c92fca48 mode 1
Event: 5870.691 Thread 0x0000020c706666c0 DEOPT PACKING pc=0x0000020c5f6e2334 sp=0x000000e1c92fd4d0
Event: 5870.691 Thread 0x0000020c706666c0 DEOPT UNPACKING pc=0x0000020c5e8588e2 sp=0x000000e1c92fca48 mode 1
Event: 5870.692 Thread 0x0000020c706666c0 DEOPT PACKING pc=0x0000020c5efe276c sp=0x000000e1c92fcee0
Event: 5870.692 Thread 0x0000020c706666c0 DEOPT UNPACKING pc=0x0000020c5e8588e2 sp=0x000000e1c92fc408 mode 1
Event: 5870.692 Thread 0x0000020c706666c0 DEOPT PACKING pc=0x0000020c5ea455f4 sp=0x000000e1c92fcfc0
Event: 5870.692 Thread 0x0000020c706666c0 DEOPT UNPACKING pc=0x0000020c5e8588e2 sp=0x000000e1c92fc570 mode 1
Event: 5870.692 Thread 0x0000020c706666c0 DEOPT PACKING pc=0x0000020c5f643e2c sp=0x000000e1c92fd130
Event: 5870.692 Thread 0x0000020c706666c0 DEOPT UNPACKING pc=0x0000020c5e8588e2 sp=0x000000e1c92fc6f0 mode 1
Event: 5938.109 Thread 0x0000020c706666c0 DEOPT PACKING pc=0x0000020c5ec64934 sp=0x000000e1c92fdf20
Event: 5938.109 Thread 0x0000020c706666c0 DEOPT UNPACKING pc=0x0000020c5e8588e2 sp=0x000000e1c92fd3d8 mode 0

Classes loaded (20 events):
Event: 1021.546 Loading class java/io/InvalidClassException
Event: 1021.546 Loading class java/io/InvalidClassException done
Event: 1021.768 Loading class java/time/DurationEditor
Event: 1021.768 Loading class java/time/DurationEditor done
Event: 1030.259 Loading class java/lang/invoke/WrongMethodTypeException
Event: 1030.259 Loading class java/lang/invoke/WrongMethodTypeException done
Event: 1178.885 Loading class java/time/DurationEditor
Event: 1178.885 Loading class java/time/DurationEditor done
Event: 1249.467 Loading class java/lang/StringEditor
Event: 1249.467 Loading class java/lang/StringEditor done
Event: 1923.737 Loading class java/time/DurationEditor
Event: 1923.737 Loading class java/time/DurationEditor done
Event: 2272.703 Loading class java/time/DurationEditor
Event: 2272.703 Loading class java/time/DurationEditor done
Event: 3660.965 Loading class java/time/DurationEditor
Event: 3660.965 Loading class java/time/DurationEditor done
Event: 3836.234 Loading class java/time/DurationEditor
Event: 3836.234 Loading class java/time/DurationEditor done
Event: 3849.215 Loading class java/io/FilenameFilter
Event: 3849.215 Loading class java/io/FilenameFilter done

Classes unloaded (20 events):
Event: 5869.905 Thread 0x0000020c6924a7c0 Unloading class 0x0000020c014ca800 'jdk/internal/reflect/GeneratedSerializationConstructorAccessor104'
Event: 5869.905 Thread 0x0000020c6924a7c0 Unloading class 0x0000020c015b2000 'jdk/internal/reflect/GeneratedSerializationConstructorAccessor103'
Event: 5869.905 Thread 0x0000020c6924a7c0 Unloading class 0x0000020c01765c00 'jdk/internal/reflect/GeneratedSerializationConstructorAccessor102'
Event: 5869.905 Thread 0x0000020c6924a7c0 Unloading class 0x0000020c01644400 'jdk/internal/reflect/GeneratedSerializationConstructorAccessor101'
Event: 5869.905 Thread 0x0000020c6924a7c0 Unloading class 0x0000020c01645c00 'jdk/internal/reflect/GeneratedSerializationConstructorAccessor100'
Event: 5869.905 Thread 0x0000020c6924a7c0 Unloading class 0x0000020c015f1400 'jdk/internal/reflect/GeneratedSerializationConstructorAccessor99'
Event: 5869.905 Thread 0x0000020c6924a7c0 Unloading class 0x0000020c01481000 'jdk/internal/reflect/GeneratedSerializationConstructorAccessor98'
Event: 5869.905 Thread 0x0000020c6924a7c0 Unloading class 0x0000020c0123bc00 'jdk/internal/reflect/GeneratedSerializationConstructorAccessor97'
Event: 5869.905 Thread 0x0000020c6924a7c0 Unloading class 0x0000020c014d4400 'jdk/internal/reflect/GeneratedSerializationConstructorAccessor96'
Event: 5869.905 Thread 0x0000020c6924a7c0 Unloading class 0x0000020c01441000 'jdk/internal/reflect/GeneratedSerializationConstructorAccessor95'
Event: 5869.905 Thread 0x0000020c6924a7c0 Unloading class 0x0000020c01772400 'jdk/internal/reflect/GeneratedSerializationConstructorAccessor94'
Event: 5869.905 Thread 0x0000020c6924a7c0 Unloading class 0x0000020c01469800 'jdk/internal/reflect/GeneratedSerializationConstructorAccessor93'
Event: 5869.905 Thread 0x0000020c6924a7c0 Unloading class 0x0000020c01766400 'java/lang/invoke/LambdaForm$MH+0x0000020c01766400'
Event: 5869.905 Thread 0x0000020c6924a7c0 Unloading class 0x0000020c01434000 'java/lang/invoke/LambdaForm$MH+0x0000020c01434000'
Event: 5869.905 Thread 0x0000020c6924a7c0 Unloading class 0x0000020c01769800 'java/lang/invoke/LambdaForm$MH+0x0000020c01769800'
Event: 5869.905 Thread 0x0000020c6924a7c0 Unloading class 0x0000020c01741800 'java/lang/invoke/LambdaForm$MH+0x0000020c01741800'
Event: 5869.905 Thread 0x0000020c6924a7c0 Unloading class 0x0000020c01754000 'java/lang/invoke/LambdaForm$MH+0x0000020c01754000'
Event: 5869.905 Thread 0x0000020c6924a7c0 Unloading class 0x0000020c015d0400 'java/lang/invoke/LambdaForm$MH+0x0000020c015d0400'
Event: 5869.905 Thread 0x0000020c6924a7c0 Unloading class 0x0000020c01771400 'java/lang/invoke/LambdaForm$MH+0x0000020c01771400'
Event: 5869.905 Thread 0x0000020c6924a7c0 Unloading class 0x0000020c01768c00 'java/lang/invoke/LambdaForm$MH+0x0000020c01768c00'

Classes redefined (1 events):
Event: 2270.834 Thread 0x0000020c6924a7c0 redefined class name=com.example.lunchex.controller.BgController, count=1

Internal exceptions (20 events):
Event: 3948.943 Thread 0x0000020c7043fe30 Exception <a 'java/lang/NoSuchMethodError'{0x0000000708cc6ae8}: static [B.<clinit>()V> (0x0000000708cc6ae8) 
thrown [s\src\hotspot\share\prims\jni.cpp, line 1106]
Event: 4248.938 Thread 0x0000020c7043fe30 Exception <a 'java/lang/NoSuchMethodError'{0x00000007076d0ad0}: static [B.<clinit>()V> (0x00000007076d0ad0) 
thrown [s\src\hotspot\share\prims\jni.cpp, line 1106]
Event: 4548.945 Thread 0x0000020c7043fe30 Exception <a 'java/lang/NoSuchMethodError'{0x000000070861e790}: static [B.<clinit>()V> (0x000000070861e790) 
thrown [s\src\hotspot\share\prims\jni.cpp, line 1106]
Event: 4848.940 Thread 0x0000020c7043fe30 Exception <a 'java/lang/NoSuchMethodError'{0x0000000707dc95b0}: static [B.<clinit>()V> (0x0000000707dc95b0) 
thrown [s\src\hotspot\share\prims\jni.cpp, line 1106]
Event: 5148.948 Thread 0x0000020c7043fe30 Exception <a 'java/lang/NoSuchMethodError'{0x000000070bc61150}: static [B.<clinit>()V> (0x000000070bc61150) 
thrown [s\src\hotspot\share\prims\jni.cpp, line 1106]
Event: 5448.947 Thread 0x0000020c7043fe30 Exception <a 'java/lang/NoSuchMethodError'{0x00000007078853e8}: static [B.<clinit>()V> (0x00000007078853e8) 
thrown [s\src\hotspot\share\prims\jni.cpp, line 1106]
Event: 5748.947 Thread 0x0000020c7043fe30 Exception <a 'java/lang/NoSuchMethodError'{0x000000070a461f38}: static [B.<clinit>()V> (0x000000070a461f38) 
thrown [s\src\hotspot\share\prims\jni.cpp, line 1106]
Event: 5869.895 Thread 0x0000020c7043d6d0 Exception <a 'java/lang/InterruptedException'{0x000000070800fe90}: sleep interrupted> (0x000000070800fe90) 
thrown [s\src\hotspot\share\prims\jvm.cpp, line 3074]
Event: 5869.942 Thread 0x0000020c706666c0 Exception <a 'sun/nio/fs/WindowsException'{0x000000070a4a3ae0}> (0x000000070a4a3ae0) 
thrown [s\src\hotspot\share\prims\jni.cpp, line 520]
Event: 5870.368 Thread 0x0000020c706666c0 Exception <a 'java/lang/NoSuchMethodError'{0x0000000708a518b8}: 'void java.lang.invoke.DelegatingMethodHandle$Holder.reinvoke_L(java.lang.Object, java.lang.Object, int)'> (0x0000000708a518b8) 
thrown [s\src\hotspot\share\interpreter\linkResolver.cpp, line 773]
Event: 5870.402 Thread 0x0000020c706666c0 Exception <a 'java/lang/NoClassDefFoundError'{0x000000070880ad98}: org/flywaydb/core/Flyway> (0x000000070880ad98) 
thrown [s\src\hotspot\share\oops\constantPool.cpp, line 871]
Event: 5870.402 Thread 0x0000020c706666c0 Exception <a 'java/lang/NoClassDefFoundError'{0x000000070880b3f8}: liquibase/integration/spring/SpringLiquibase> (0x000000070880b3f8) 
thrown [s\src\hotspot\share\oops\constantPool.cpp, line 871]
Event: 5870.405 Thread 0x0000020c706666c0 Exception <a 'java/lang/NoClassDefFoundError'{0x0000000708827340}: org/springframework/batch/core/repository/JobRepository> (0x0000000708827340) 
thrown [s\src\hotspot\share\oops\constantPool.cpp, line 871]
Event: 5870.405 Thread 0x0000020c706666c0 Exception <a 'java/lang/NoClassDefFoundError'{0x0000000708827998}: org/quartz/Scheduler> (0x0000000708827998) 
thrown [s\src\hotspot\share\oops\constantPool.cpp, line 871]
Event: 5870.405 Thread 0x0000020c706666c0 Exception <a 'java/lang/NoClassDefFoundError'{0x0000000708828018}: org/springframework/session/jdbc/JdbcIndexedSessionRepository> (0x0000000708828018) 
thrown [s\src\hotspot\share\oops\constantPool.cpp, line 871]
Event: 5870.410 Thread 0x0000020c706666c0 Exception <a 'java/lang/NoClassDefFoundError'{0x0000000708894a80}: org/jooq/DSLContext> (0x0000000708894a80) 
thrown [s\src\hotspot\share\oops\constantPool.cpp, line 871]
Event: 5870.411 Thread 0x0000020c706666c0 Exception <a 'java/lang/NoClassDefFoundError'{0x0000000708896360}: jakarta/persistence/EntityManagerFactory> (0x0000000708896360) 
thrown [s\src\hotspot\share\oops\constantPool.cpp, line 871]
Event: 5870.477 Thread 0x0000020c706666c0 Exception <a 'java/lang/NoSuchMethodError'{0x0000000708348be8}: 'int java.lang.invoke.DelegatingMethodHandle$Holder.reinvoke_L(java.lang.Object, java.lang.Object, java.lang.Object, java.lang.Object)'> (0x0000000708348be8) 
thrown [s\src\hotspot\share\interpreter\linkResolver.cpp, line 773]
Event: 5870.487 Thread 0x0000020c706666c0 Exception <a 'java/io/FileNotFoundException'{0x00000007083a33d8}> (0x00000007083a33d8) 
thrown [s\src\hotspot\share\prims\jni.cpp, line 520]
Event: 5870.508 Thread 0x0000020c706666c0 Exception <a 'java/io/FileNotFoundException'{0x0000000708131020}> (0x0000000708131020) 
thrown [s\src\hotspot\share\prims\jni.cpp, line 520]

ZGC Phase Switch (0 events):
No events

VM Operations (20 events):
Event: 5938.221 Executing VM operation: get/set locals done
Event: 5938.221 Executing VM operation: get/set locals
Event: 5938.221 Executing VM operation: get/set locals done
Event: 5938.221 Executing VM operation: get/set locals
Event: 5938.221 Executing VM operation: get/set locals done
Event: 5938.222 Executing VM operation: get/set locals
Event: 5938.222 Executing VM operation: get/set locals done
Event: 5938.222 Executing VM operation: get/set locals
Event: 5938.222 Executing VM operation: get/set locals done
Event: 5938.223 Executing VM operation: get/set locals
Event: 5938.223 Executing VM operation: get/set locals done
Event: 5938.224 Executing VM operation: get/set locals
Event: 5938.224 Executing VM operation: get/set locals done
Event: 5940.225 Executing VM operation: Cleanup
Event: 5940.225 Executing VM operation: Cleanup done
Event: 6013.461 Executing VM operation: HandshakeAllThreads (HandshakeForDeflation)
Event: 6013.462 Executing VM operation: HandshakeAllThreads (HandshakeForDeflation) done
Event: 6013.462 Executing VM operation: RendezvousGCThreads
Event: 6013.462 Executing VM operation: RendezvousGCThreads done
Event: 6020.966 Executing VM operation: G1CollectForAllocation (G1 Evacuation Pause)

Events (20 events):
Event: 5870.106 Thread 0x0000020c706673e0 Thread added: 0x0000020c706673e0
Event: 5870.135 Thread 0x0000020c706673e0 Thread exited: 0x0000020c706673e0
Event: 5870.508 Thread 0x0000020c70663f60 Thread added: 0x0000020c70663f60
Event: 5870.509 Thread 0x0000020c706645f0 Thread added: 0x0000020c706645f0
Event: 5870.509 Thread 0x0000020c70665310 Thread added: 0x0000020c70665310
Event: 5870.575 Thread 0x0000020c70661e90 Thread added: 0x0000020c70661e90
Event: 5870.685 Thread 0x0000020c6924a7c0 flushing nmethod 0x0000020c5f40af10
Event: 5870.685 Thread 0x0000020c6924a7c0 flushing nmethod 0x0000020c5ec65b10
Event: 5870.685 Thread 0x0000020c6924a7c0 flushing nmethod 0x0000020c5ebf6390
Event: 5870.685 Thread 0x0000020c6924a7c0 flushing nmethod 0x0000020c5ea1af10
Event: 5870.685 Thread 0x0000020c6924a7c0 flushing nmethod 0x0000020c5ea0b290
Event: 5870.685 Thread 0x0000020c6924a7c0 flushing nmethod 0x0000020c5ea35a90
Event: 5870.685 Thread 0x0000020c6924a7c0 flushing nmethod 0x0000020c5ea33f90
Event: 5870.685 Thread 0x0000020c6924a7c0 flushing nmethod 0x0000020c5ea08790
Event: 5870.689 Thread 0x0000020c706673e0 Thread added: 0x0000020c706673e0
Event: 5876.320 Thread 0x0000020c708f4260 Thread exited: 0x0000020c708f4260
Event: 5876.398 Thread 0x0000020c706673e0 Thread exited: 0x0000020c706673e0
Event: 5880.037 Thread 0x0000020c70661800 Thread exited: 0x0000020c70661800
Event: 5881.328 Thread 0x0000020c708f2df0 Thread exited: 0x0000020c708f2df0
Event: 5881.328 Thread 0x0000020c708f6470 Thread exited: 0x0000020c708f6470


Dynamic libraries:
0x00007ff6f5e60000 - 0x00007ff6f5e6e000 	C:\pleiades\2024-03\java\21\bin\javaw.exe
0x00007ffca5770000 - 0x00007ffca5987000 	C:\WINDOWS\SYSTEM32\ntdll.dll
0x00007ffca4210000 - 0x00007ffca42d4000 	C:\WINDOWS\System32\KERNEL32.DLL
0x00007ffca2b20000 - 0x00007ffca2ed7000 	C:\WINDOWS\System32\KERNELBASE.dll
0x00007ffca3380000 - 0x00007ffca3491000 	C:\WINDOWS\System32\ucrtbase.dll
0x00007ffc53880000 - 0x00007ffc5389b000 	C:\pleiades\2024-03\java\21\bin\VCRUNTIME140.dll
0x00007ffc98b70000 - 0x00007ffc98b88000 	C:\pleiades\2024-03\java\21\bin\jli.dll
0x00007ffca38d0000 - 0x00007ffca3a7f000 	C:\WINDOWS\System32\USER32.dll
0x00007ffca2ee0000 - 0x00007ffca2f06000 	C:\WINDOWS\System32\win32u.dll
0x00007ffc69660000 - 0x00007ffc698f3000 	C:\WINDOWS\WinSxS\amd64_microsoft.windows.common-controls_6595b64144ccf1df_6.0.22621.3672_none_2713b9d173822955\COMCTL32.dll
0x00007ffca3c00000 - 0x00007ffca3c29000 	C:\WINDOWS\System32\GDI32.dll
0x00007ffca2fb0000 - 0x00007ffca30c8000 	C:\WINDOWS\System32\gdi32full.dll
0x00007ffca4440000 - 0x00007ffca44e7000 	C:\WINDOWS\System32\msvcrt.dll
0x00007ffca2f10000 - 0x00007ffca2faa000 	C:\WINDOWS\System32\msvcp_win.dll
0x00007ffca44f0000 - 0x00007ffca4521000 	C:\WINDOWS\System32\IMM32.DLL
0x00007ffc9a490000 - 0x00007ffc9a49c000 	C:\pleiades\2024-03\java\21\bin\vcruntime140_1.dll
0x00007ffc42c30000 - 0x00007ffc42cbe000 	C:\pleiades\2024-03\java\21\bin\msvcp140.dll
0x00007ffc1e130000 - 0x00007ffc1eeb3000 	C:\pleiades\2024-03\java\21\bin\server\jvm.dll
0x00007ffca4150000 - 0x00007ffca4202000 	C:\WINDOWS\System32\ADVAPI32.dll
0x00007ffca54c0000 - 0x00007ffca5568000 	C:\WINDOWS\System32\sechost.dll
0x00007ffca2a80000 - 0x00007ffca2aa8000 	C:\WINDOWS\System32\bcrypt.dll
0x00007ffca4030000 - 0x00007ffca4144000 	C:\WINDOWS\System32\RPCRT4.dll
0x00007ffca3b80000 - 0x00007ffca3bf1000 	C:\WINDOWS\System32\WS2_32.dll
0x00007ffca27a0000 - 0x00007ffca27ed000 	C:\WINDOWS\SYSTEM32\POWRPROF.dll
0x00007ffc99f20000 - 0x00007ffc99f54000 	C:\WINDOWS\SYSTEM32\WINMM.dll
0x00007ffc9a880000 - 0x00007ffc9a88a000 	C:\WINDOWS\SYSTEM32\VERSION.dll
0x00007ffca2780000 - 0x00007ffca2793000 	C:\WINDOWS\SYSTEM32\UMPDC.dll
0x00007ffca1a90000 - 0x00007ffca1aa8000 	C:\WINDOWS\SYSTEM32\kernel.appcore.dll
0x00007ffc9b6b0000 - 0x00007ffc9b6ba000 	C:\pleiades\2024-03\java\21\bin\jimage.dll
0x00007ffca0360000 - 0x00007ffca0592000 	C:\WINDOWS\SYSTEM32\DBGHELP.DLL
0x00007ffca3ca0000 - 0x00007ffca402e000 	C:\WINDOWS\System32\combase.dll
0x00007ffca3750000 - 0x00007ffca3827000 	C:\WINDOWS\System32\OLEAUT32.dll
0x00007ffc8efe0000 - 0x00007ffc8f012000 	C:\WINDOWS\SYSTEM32\dbgcore.DLL
0x00007ffca3300000 - 0x00007ffca337b000 	C:\WINDOWS\System32\bcryptPrimitives.dll
0x00007ffc67750000 - 0x00007ffc6778c000 	C:\pleiades\2024-03\java\21\bin\jdwp.dll
0x00007ffc9b6a0000 - 0x00007ffc9b6af000 	C:\pleiades\2024-03\java\21\bin\instrument.dll
0x00007ffc72220000 - 0x00007ffc7223f000 	C:\pleiades\2024-03\java\21\bin\java.dll
0x00007ffca4c00000 - 0x00007ffca5469000 	C:\WINDOWS\System32\SHELL32.dll
0x00007ffca09a0000 - 0x00007ffca129f000 	C:\WINDOWS\SYSTEM32\windows.storage.dll
0x00007ffca0860000 - 0x00007ffca099f000 	C:\WINDOWS\SYSTEM32\wintypes.dll
0x00007ffca3a80000 - 0x00007ffca3b79000 	C:\WINDOWS\System32\SHCORE.dll
0x00007ffca3c40000 - 0x00007ffca3c9e000 	C:\WINDOWS\System32\shlwapi.dll
0x00007ffca29b0000 - 0x00007ffca29d7000 	C:\WINDOWS\SYSTEM32\profapi.dll
0x00007ffc82920000 - 0x00007ffc8292c000 	C:\pleiades\2024-03\java\21\bin\dt_socket.dll
0x00007ffca14f0000 - 0x00007ffca151d000 	C:\WINDOWS\SYSTEM32\IPHLPAPI.DLL
0x00007ffca1ef0000 - 0x00007ffca1f59000 	C:\WINDOWS\system32\mswsock.dll
0x00007ffca1520000 - 0x00007ffca1622000 	C:\WINDOWS\SYSTEM32\DNSAPI.dll
0x00007ffca3830000 - 0x00007ffca3839000 	C:\WINDOWS\System32\NSI.dll
0x00007ffc973e0000 - 0x00007ffc973ea000 	C:\Windows\System32\rasadhlp.dll
0x00007ffc97d10000 - 0x00007ffc97d93000 	C:\WINDOWS\System32\fwpuclnt.dll
0x00007ffc504d0000 - 0x00007ffc504e8000 	C:\pleiades\2024-03\java\21\bin\zip.dll
0x00007ffc98b60000 - 0x00007ffc98b70000 	C:\pleiades\2024-03\java\21\bin\net.dll
0x00007ffc9bca0000 - 0x00007ffc9bdd6000 	C:\WINDOWS\SYSTEM32\WINHTTP.dll
0x00007ffc504b0000 - 0x00007ffc504c6000 	C:\pleiades\2024-03\java\21\bin\nio.dll
0x00007ffc9a480000 - 0x00007ffc9a48a000 	C:\pleiades\2024-03\java\21\bin\management.dll
0x00007ffc6fb30000 - 0x00007ffc6fb3b000 	C:\pleiades\2024-03\java\21\bin\management_ext.dll
0x00007ffca34a0000 - 0x00007ffca34a8000 	C:\WINDOWS\System32\PSAPI.DLL
0x00007ffc5c510000 - 0x00007ffc5c527000 	C:\WINDOWS\system32\napinsp.dll
0x00007ffc5c4f0000 - 0x00007ffc5c50b000 	C:\WINDOWS\system32\pnrpnsp.dll
0x00007ffc6fad0000 - 0x00007ffc6fae1000 	C:\WINDOWS\System32\winrnr.dll
0x00007ffc6fc70000 - 0x00007ffc6fc97000 	C:\WINDOWS\system32\nlansp_c.dll
0x00007ffc98070000 - 0x00007ffc98085000 	C:\WINDOWS\system32\wshbth.dll
0x00007ffc5f520000 - 0x00007ffc5f530000 	C:\pleiades\2024-03\java\21\bin\verify.dll
0x00007ffca2240000 - 0x00007ffca225b000 	C:\WINDOWS\SYSTEM32\CRYPTSP.dll
0x00007ffca19f0000 - 0x00007ffca1a25000 	C:\WINDOWS\system32\rsaenh.dll
0x00007ffca1f90000 - 0x00007ffca1fb8000 	C:\WINDOWS\SYSTEM32\USERENV.dll
0x00007ffca2220000 - 0x00007ffca222c000 	C:\WINDOWS\SYSTEM32\CRYPTBASE.dll
0x00007ffc9a4a0000 - 0x00007ffc9a4a9000 	C:\pleiades\2024-03\java\21\bin\extnet.dll
0x00007ffc721e0000 - 0x00007ffc721ee000 	C:\pleiades\2024-03\java\21\bin\sunmscapi.dll
0x00007ffca30d0000 - 0x00007ffca3236000 	C:\WINDOWS\System32\CRYPT32.dll
0x00007ffca2350000 - 0x00007ffca237d000 	C:\WINDOWS\SYSTEM32\ncrypt.dll
0x00007ffca2310000 - 0x00007ffca2347000 	C:\WINDOWS\SYSTEM32\NTASN1.dll
0x00007ffc65430000 - 0x00007ffc65438000 	C:\WINDOWS\system32\wshunix.dll

dbghelp: loaded successfully - version: 4.0.5 - missing functions: none
symbol engine: initialized successfully - sym options: 0x614 - pdb path: .;C:\pleiades\2024-03\java\21\bin;C:\WINDOWS\SYSTEM32;C:\WINDOWS\WinSxS\amd64_microsoft.windows.common-controls_6595b64144ccf1df_6.0.22621.3672_none_2713b9d173822955;C:\pleiades\2024-03\java\21\bin\server

VM Arguments:
jvm_args: -XX:+ShowCodeDetailsInExceptionMessages -agentlib:jdwp=transport=dt_socket,suspend=y,address=localhost:52988 -Dcom.sun.management.jmxremote -Dcom.sun.management.jmxremote.port=52987 -Dcom.sun.management.jmxremote.authenticate=false -Dcom.sun.management.jmxremote.ssl=false -Djava.rmi.server.hostname=localhost -Dspring.jmx.enabled=true -Dmanagement.endpoints.jmx.exposure.include=* -Dspring.application.admin.enabled=true -XX:TieredStopAtLevel=1 -Dspring.boot.project.name=lunchexplorer -javaagent:C:\pleiades\2024-03\eclipse\configuration\org.eclipse.osgi\251\0\.cp\lib\javaagent-shaded.jar -Dfile.encoding=UTF-8 -Dstdout.encoding=UTF-8 -Dstderr.encoding=UTF-8 
java_command: com.example.lunchex.LunchexApplication --spring.output.ansi.enabled=always
java_class_path (initial): C:\Users\3030824\git\LunchExplorer\bin\main;C:\Users\3030824\.gradle\caches\modules-2\files-2.1\org.projectlombok\lombok\1.18.34\ec547ef414ab1d2c040118fb9c1c265ada63af14\lombok-1.18.34.jar;C:\Users\3030824\.gradle\caches\modules-2\files-2.1\org.springframework.boot\spring-boot-starter-thymeleaf\3.3.4\29c4b1acf955b350bf7d8fd201798d30647fb89e\spring-boot-starter-thymeleaf-3.3.4.jar;C:\Users\3030824\.gradle\caches\modules-2\files-2.1\org.springframework.boot\spring-boot-starter-validation\3.3.4\cd5e06f484dc2825a8d9704a2093a72587af2b58\spring-boot-starter-validation-3.3.4.jar;C:\Users\3030824\.gradle\caches\modules-2\files-2.1\org.springframework.boot\spring-boot-starter-web\3.3.4\b43a9fd107611337777b47dc7518e2aca59e58eb\spring-boot-starter-web-3.3.4.jar;C:\Users\3030824\.gradle\caches\modules-2\files-2.1\org.mybatis.spring.boot\mybatis-spring-boot-starter\3.0.3\19528356bf8bad2be5f8bf796dfc30bcc4996054\mybatis-spring-boot-starter-3.0.3.jar;C:\Users\3030824\.gradle\caches\modules-2\files-2.1\org.springframework.boot\spring-boot-starter-security\3.3.4\58e8b8decf2116c2e3422368d8f1ebd5bdff117\spring-boot-starter-security-3.3.4.jar;C:\Users\3030824\.gradle\caches\modules-2\files-2.1\org.springframework.boot\spring-boot-starter-json\3.3.4\816ab4ccd364350e3d0b5c1d53c2e5302a49eae6\spring-boot-starter-json-3.3.4.jar;C:\Users\3030824\.gradle\caches\modules-2\files-2.1\org.springframework.boot\spring-boot-starter-jdbc\3.3.4\b6bc324d5af04af752a6f3e44ea8e4cd96b28343\spring-boot-starter-jdbc-3.3.4.jar;C:\Users\3030824\.gradle\caches\modules-2\files-2.1\org.springframework.boot\spring-boot-starter\3.3.4\f02312a6816fb439a55d2920b9af8f0f8abf5bac\spring-boot-starter-3.3.4.jar;C:\Users\3030824\.gradle\caches\modules-2\files-2.1\org.thymeleaf\thymeleaf-spring6\3.1.2.RELEASE\6030c7b4e260c41336f378e53da6e8531263f24b\thymeleaf-spring6-3.1.2.RELEASE.jar;C:\Users\3030824\.gradle\caches\modules-2\files-2.1\org.springframework.boot\spring-boot-starter-tomcat\3.3.4\7e552e904d54a0bd3f2ac8666e3344caa799a181\spring-boot-starter-tomcat-3.3.4.jar;C:\Users\3030824\.gradle\caches\modules-2\files-2.1\org.apache.tomcat.embed\tomcat-embed-el\10.1.30\432b176aa50de87c3bbda99b0fe85523abfd1382\tomcat-embed-el-10.1.30.jar;C:\Users\3030824\.gradle\caches\modules-2\files-2.1\org.hibernate.validator\hibernate-validator\8.0.1.Final\e49e116b3d3928060599b176b3538bb848718e95\hibernate-validator-8.0.1.Final.jar;C:\Users\3030824\.gradle\caches\modules-2\files-2.1\org.springframework\spring-webmvc\6.1.13\ca5f025b133c69026bfe01daa6132d0ac2e4a59f\spring-webmvc-6.1.13.jar;C:\Users\3030824\.gradle\caches\modules-2\files-2.1\org.springframework.security\spring-security-web\6.3.3\54455b90899cd803e92b020124e859a859f63ee0\spring-security-web-6.3.3.jar;C:\Users\3030824\.gradle\caches\modules-2\files-2.1\org.springframework\spring-web\6.1.13\e4028dbbc4ae1fb4bfd3257c53302956d7687b66\spring-web-6.1.13.jar;C:\Users\3030824\.gradle\caches\modules-2\files-2.1\org.mybatis.spring.boot\mybatis-spring-boot-autoconfigure\3.0.3\b73a2effa4f60a2eeca98aa12ea3437faede0f73\mybatis-spring-boot-autoconfigure-3.0.3.jar;C:\Users\3030824\.gradle\caches\modules-2\files-2.1\org.mybatis\mybatis\3.5.14\d94d2267d1caf1c31748123e671dcea5ad1a6f8\mybatis-3.5.14.jar;C:\Users\3030824\.gradle\caches\modules-2\files-2.1\org.mybatis\mybatis-spring\3.0.3\5a4ab31bfb62bca615b39ade93de2a607e9b9403\mybatis-spring-3.0.3.jar;C:\Users\3030824\.gradle\caches\modules-2\files-2.1\org.springframework.security\spring-security-config\6.3.3\57b2c01e0a9e12b4418668ebc369e39b648e61bb\spring-security-config-6.3.3.jar;C:\Users\3030824\.gradle\caches\modules-2\files-2.1\org.springframework.boot\spring-boot-autoconfigure\3.3.4\979234a0f3035fe60d5e505018789f98a7ec7ee3\spring-boot-autoconfigure-3.3.4.jar;C:\Users\3030824\.gradle\caches\modules-2\files-2.1\org.springframework.boot\spring-boot\3.3.4\f06c6950aa5766b63328e821641f5c7d71be819d\spring-boot-3.3.4.jar;C:\Users\3030824\.gradle\caches\modules-2\files-2.1\org.springframework.security\spring-security-core\6.3.3\2bf159e3db212d61408a2f728d6d7252dfaf4710\spring-security-core-6.3.3.jar;C:\Users\3030824\.gradle\caches\modules-2\files-2.1\org.springframework\spring-context\6.1.13\d5163ddae069c5d78c841cd3a60c4db25bf16401\spring-context-6.1.13.jar;C:\Users\3030824\.gradle\caches\modules-2\files-2.1\org.springframework\spring-aop\6.1.13\ad2c631e1717fdc6d91d56c06d4fd61e0215c19a\spring-aop-6.1.13.jar;C:\Users\3030824\.gradle\caches\modules-2\files-2.1\org.springframework.boot\spring-boot-starter-logging\3.3.4\c83073c0f5574b2146695ab716bcef3d6baa45e6\spring-boot-starter-logging-3.3.4.jar;C:\Users\3030824\.gradle\caches\modules-2\files-2.1\jakarta.annotation\jakarta.annotation-api\2.1.1\48b9bda22b091b1f48b13af03fe36db3be6e1ae3\jakarta.annotation-api-2.1.1.jar;C:\Users\3030824\.gradle\caches\modules-2\files-2.1\org.springframework\spring-jdbc\6.1.13\11811219be3452cfd989c57d3de4529f6927352f\spring-jdbc-6.1.13.jar;C:\Users\3030824\.gradle\caches\modules-2\files-2.1\org.springframework\spring-tx\6.1.13\ed041ecf9a5f480e1b11d0b58a06d8034ff8cfea\spring-tx-6.1.13.jar;C:\Users\3030824\.gradle\caches\modules-2\files-2.1\org.springframework\spring-beans\6.1.13\90bbee6278b46b145e64e5ae29316bdd459c6826\spring-beans-6.1.13.jar;C:\Users\3030824\.gradle\caches\modules-2\files-2.1\org.springframework\spring-expression\6.1.13\be30254712ca0549cbd539ba05c57064917253f3\spring-expression-6.1.13.jar;C:\Users\3030824\.gradle\caches\modules-2\files-2.1\org.springframework\spring-core\6.1.13\ddbd765408d2665f47017c8f05a7682012f91da3\spring-core-6.1.13.jar;C:\Users\3030824\.gradle\caches\modules-2\files-2.1\org.yaml\snakeyaml\2.2\3af797a25458550a16bf89acc8e4ab2b7f2bfce0\snakeyaml-2.2.jar;C:\Users\3030824\.gradle\caches\modules-2\files-2.1\org.thymeleaf\thymeleaf\3.1.2.RELEASE\273997509a4c7aef86cee0521750140c587d9be2\thymeleaf-3.1.2.RELEASE.jar;C:\Users\3030824\.gradle\caches\modules-2\files-2.1\com.zaxxer\HikariCP\5.1.0\8c96e36c14461fc436bb02b264b96ef3ca5dca8c\HikariCP-5.1.0.jar;C:\Users\3030824\.gradle\caches\modules-2\files-2.1\ch.qos.logback\logback-classic\1.5.8\229bb1ef6b14dfbf74ff443af9097d836dc5f0dd\logback-classic-1.5.8.jar;C:\Users\3030824\.gradle\caches\modules-2\files-2.1\org.apache.logging.log4j\log4j-to-slf4j\2.23.1\425ad1eb8a39904d2830e907a324e956fb456520\log4j-to-slf4j-2.23.1.jar;C:\Users\3030824\.gradle\caches\modules-2\files-2.1\org.slf4j\jul-to-slf4j\2.0.16\6d57da3e961daac65bcca0dd3def6cd11e48a24a\jul-to-slf4j-2.0.16.jar;C:\Users\3030824\.gradle\caches\modules-2\files-2.1\org.slf4j\slf4j-api\2.0.16\172931663a09a1fa515567af5fbef00897d3c04\slf4j-api-2.0.16.jar;C:\Users\3030824\.gradle\caches\modules-2\files-2.1\jakarta.validation\jakarta.validation-api\3.0.2\92b6631659ba35ca09e44874d3eb936edfeee532\jakarta.validation-api-3.0.2.jar;C:\Users\3030824\.gradle\caches\modules-2\files-2.1\org.jboss.logging\jboss-logging\3.5.3.Final\c88fc1d8a96d4c3491f55d4317458ccad53ca663\jboss-logging-3.5.3.Final.jar;C:\Users\3030824\.gradle\caches\modules-2\files-2.1\com.fasterxml\classmate\1.7.0\e98374da1f2143ac8e6e0a95036994bb19137a3\classmate-1.7.0.jar;C:\Users\3030824\.gradle\caches\modules-2\files-2.1\com.fasterxml.jackson.datatype\jackson-datatype-jsr310\2.17.2\267b85e9ba2892a37be6d80aa9ca1438a0d8c210\jackson-datatype-jsr310-2.17.2.jar;C:\Users\3030824\.gradle\caches\modules-2\files-2.1\com.fasterxml.jackson.module\jackson-module-parameter-names\2.17.2\d27b9f95ccce98984c1ba58d61c5a9c072b1ad95\jackson-module-parameter-names-2.17.2.jar;C:\Users\3030824\.gradle\caches\modules-2\files-2.1\com.fasterxml.jackson.core\jackson-annotations\2.17.2\147b7b9412ffff24339f8aba080b292448e08698\jackson-annotations-2.17.2.jar;C:\Users\3030824\.gradle\caches\modules-2\files-2.1\com.fasterxml.jackson.core\jackson-core\2.17.2\969a35cb35c86512acbadcdbbbfb044c877db814\jackson-core-2.17.2.jar;C:\Users\3030824\.gradle\caches\modules-2\files-2.1\com.fasterxml.jackson.datatype\jackson-datatype-jdk8\2.17.2\efd3dd0e1d0db8bc72abbe71c15e697bb83b4b45\jackson-datatype-jdk8-2.17.2.jar;C:\Users\3030824\.gradle\caches\modules-2\files-2.1\com.fasterxml.jackson.core\jackson-databind\2.17.2\e6deb029e5901e027c129341fac39e515066b68c\jackson-databind-2.17.2.jar;C:\Users\3030824\.gradle\caches\modules-2\files-2.1\org.apache.tomcat.embed\tomcat-embed-websocket\10.1.30\b8cc73d6878688d5afb8fb78c3f9ea1bc3e5e6cf\tomcat-embed-websocket-10.1.30.jar;C:\Users\3030824\.gradle\caches\modules-2\files-2.1\org.apache.tomcat.embed\tomcat-embed-core\10.1.30\852ff3547f179175feaff39c443e9b980ec2cc2\tomcat-embed-core-10.1.30.jar;C:\Users\3030824\.gradle\caches\modules-2\files-2.1\io.micrometer\micrometer-observation\1.13.4\2673c9b181ab2512002b23b7ad0f1dd02212696c\micrometer-observation-1.13.4.jar;C:\Users\3030824\.gradle\caches\modules-2\files-2.1\org.springframework\spring-jcl\6.1.13\37291ff008a66a9dbf2c98e11bd468cfadaa7ebc\spring-jcl-6.1.13.jar;C:\Users\3030824\.gradle\caches\modules-2\files-2.1\org.attoparser\attoparser\2.0.7.RELEASE\e5d0e988d9124139d645bb5872b24dfa23e283cc\attoparser-2.0.7.RELEASE.jar;C:\Users\3030824\.gradle\caches\modules-2\files-2.1\org.unbescape\unbescape\1.1.6.RELEASE\7b90360afb2b860e09e8347112800d12c12b2a13\unbescape-1.1.6.RELEASE.jar;C:\Users\3030824\.gradle\caches\modules-2\files-2.1\io.micrometer\micrometer-commons\1.13.4\edcf69518a4c382c48e19c7fb7d4aedfb115c0c3\micrometer-commons-1.13.4.jar;C:\Users\3030824\.gradle\caches\modules-2\files-2.1\org.springframework.security\spring-security-crypto\6.3.3\a44e901cd1cfa1d6c20d30b69b83499e12e607a1\spring-security-crypto-6.3.3.jar;C:\Users\3030824\.gradle\caches\modules-2\files-2.1\ch.qos.logback\logback-core\1.5.8\3fce599197de3b6f387cc9bee412ead2b4994a46\logback-core-1.5.8.jar;C:\Users\3030824\.gradle\caches\modules-2\files-2.1\org.apache.logging.log4j\log4j-api\2.23.1\9c15c29c526d9c6783049c0a77722693c66706e1\log4j-api-2.23.1.jar;C:\Users\3030824\.gradle\caches\modules-2\files-2.1\org.springframework.boot\spring-boot-devtools\3.3.4\855b368144ba046f7f8c647691720388cec82cc9\spring-boot-devtools-3.3.4.jar;C:\Users\3030824\.gradle\caches\modules-2\files-2.1\org.postgresql\postgresql\42.7.4\264310fd7b2cd76738787dc0b9f7ea2e3b11adc1\postgresql-42.7.4.jar;C:\Users\3030824\.gradle\caches\modules-2\files-2.1\org.checkerframework\checker-qual\3.42.0\638ec33f363a94d41a4f03c3e7d3dcfba64e402d\checker-qual-3.42.0.jar
Launcher Type: SUN_STANDARD

[Global flags]
     intx CICompilerCount                          = 4                                         {product} {ergonomic}
     uint ConcGCThreads                            = 2                                         {product} {ergonomic}
     uint G1ConcRefinementThreads                  = 8                                         {product} {ergonomic}
   size_t G1HeapRegionSize                         = 2097152                                   {product} {ergonomic}
    uintx GCDrainStackTargetSize                   = 64                                        {product} {ergonomic}
   size_t InitialHeapSize                          = 264241152                                 {product} {ergonomic}
     bool ManagementServer                         = true                                      {product} {command line}
   size_t MarkStackSize                            = 4194304                                   {product} {ergonomic}
   size_t MaxHeapSize                              = 4213178368                                {product} {ergonomic}
   size_t MaxNewSize                               = 2527068160                                {product} {ergonomic}
   size_t MinHeapDeltaBytes                        = 2097152                                   {product} {ergonomic}
   size_t MinHeapSize                              = 8388608                                   {product} {ergonomic}
    uintx NonNMethodCodeHeapSize                   = 4096                                   {pd product} {ergonomic}
    uintx NonProfiledCodeHeapSize                  = 0                                      {pd product} {ergonomic}
     bool ProfileInterpreter                       = false                                  {pd product} {command line}
    uintx ProfiledCodeHeapSize                     = 0                                      {pd product} {ergonomic}
     bool ShowCodeDetailsInExceptionMessages       = true                                   {manageable} {command line}
   size_t SoftMaxHeapSize                          = 4213178368                             {manageable} {ergonomic}
     intx TieredStopAtLevel                        = 1                                         {product} {command line}
     bool UseCompressedOops                        = true                           {product lp64_product} {ergonomic}
     bool UseG1GC                                  = true                                      {product} {ergonomic}
     bool UseLargePagesIndividualAllocation        = false                                  {pd product} {ergonomic}

Logging:
Log output configuration:
 #0: stdout all=warning uptime,level,tags foldmultilines=false
 #1: stderr all=off uptime,level,tags foldmultilines=false

Environment Variables:
JAVA_HOME=C:\Program Files\Java\jdk-22
PATH=C:/pleiades/2024-03/java/21/bin/server;C:/pleiades/2024-03/java/21/bin;C:\Program Files\Common Files\Oracle\Java\javapath;C:\WINDOWS\system32;C:\WINDOWS;C:\WINDOWS\System32\Wbem;C:\WINDOWS\System32\WindowsPowerShell\v1.0\;C:\WINDOWS\System32\OpenSSH\;C:\Program Files\Java\jdk-22\bin;C:\Users\3030824\AppData\Local\Microsoft\WindowsApps;;C:\pleiades\2024-03\eclipse;
USERNAME=3030824
OS=Windows_NT
PROCESSOR_IDENTIFIER=Intel64 Family 6 Model 140 Stepping 1, GenuineIntel
TMP=C:\Users\3030824\AppData\Local\Temp
TEMP=C:\Users\3030824\AppData\Local\Temp




Periodic native trim disabled

---------------  S Y S T E M  ---------------

OS:
 Windows 11 , 64 bit Build 22621 (10.0.22621.3958)
OS uptime: 0 days 2:51 hours
Hyper-V role detected

CPU: total 8 (initial active 8) (4 cores per cpu, 2 threads per core) family 6 model 140 stepping 1 microcode 0xb6, cx8, cmov, fxsr, ht, mmx, 3dnowpref, sse, sse2, sse3, ssse3, sse4.1, sse4.2, popcnt, lzcnt, tsc, tscinvbit, avx, avx2, aes, erms, clmul, bmi1, bmi2, adx, avx512f, avx512dq, avx512cd, avx512bw, avx512vl, sha, fma, vzeroupper, avx512_vpopcntdq, avx512_vpclmulqdq, avx512_vaes, avx512_vnni, clflush, clflushopt, clwb, avx512_vbmi2, avx512_vbmi, hv, rdtscp, rdpid, fsrm, gfni, avx512_bitalg, f16c, cet_ibt, cet_ss, avx512_ifma
Processor Information for all 8 processors :
  Max Mhz: 2419, Current Mhz: 2419, Mhz Limit: 2419

Memory: 4k page, system-wide physical 16064M (4380M free)
TotalPageFile size 19910M (AvailPageFile size 3024M)
current process WorkingSet (physical memory assigned to process): 246M, peak: 258M
current process commit charge ("private bytes"): 298M, peak: 370M

vm_info: OpenJDK 64-Bit Server VM (21.0.2+13-LTS) for windows-amd64 JRE (21.0.2+13-LTS), built on 2024-01-16T00:00:00Z by "admin" with unknown MS VC++:1937

END.
